<?xml version="1.0" encoding="UTF-8"?>
<coverage generated="1658668014831" clover="3.2.0">
  <project timestamp="1658668014831" name="All files">
    <metrics statements="104" coveredstatements="81" conditionals="80" coveredconditionals="47" methods="15" coveredmethods="11" elements="199" coveredelements="139" complexity="0" loc="104" ncloc="104" packages="1" files="3" classes="3"/>
    <file name="useDebounceFn.ts" path="/Users/yjw520/Desktop/NOTE/note/sublime/html/lodash/web-init/src/useDebounceFn.ts">
      <metrics statements="82" coveredstatements="60" conditionals="54" coveredconditionals="30" methods="13" coveredmethods="9"/>
      <line num="1" count="1" type="stmt"/>
      <line num="43" count="12" type="cond" truecount="0" falsecount="1"/>
      <line num="51" count="12" type="stmt"/>
      <line num="52" count="12" type="stmt"/>
      <line num="53" count="12" type="stmt"/>
      <line num="54" count="12" type="stmt"/>
      <line num="55" count="12" type="stmt"/>
      <line num="56" count="12" type="stmt"/>
      <line num="61" count="12" type="cond" truecount="1" falsecount="2"/>
      <line num="65" count="12" type="cond" truecount="0" falsecount="1"/>
      <line num="66" count="0" type="stmt"/>
      <line num="69" count="12" type="cond" truecount="2" falsecount="1"/>
      <line num="71" count="12" type="cond" truecount="1" falsecount="0"/>
      <line num="72" count="12" type="cond" truecount="3" falsecount="1"/>
      <line num="73" count="12" type="cond" truecount="3" falsecount="1"/>
      <line num="76" count="12" type="cond" truecount="2" falsecount="2"/>
      <line num="78" count="12" type="cond" truecount="1" falsecount="1"/>
      <line num="91" count="15" type="cond" truecount="0" falsecount="1"/>
      <line num="92" count="0" type="stmt"/>
      <line num="93" count="0" type="stmt"/>
      <line num="96" count="15" type="stmt"/>
      <line num="100" count="20" type="stmt"/>
      <line num="101" count="20" type="stmt"/>
      <line num="103" count="20" type="stmt"/>
      <line num="105" count="20" type="stmt"/>
      <line num="110" count="20" type="stmt"/>
      <line num="112" count="20" type="stmt"/>
      <line num="119" count="41" type="cond" truecount="1" falsecount="1"/>
      <line num="121" count="41" type="stmt"/>
      <line num="124" count="41" type="cond" truecount="0" falsecount="1"/>
      <line num="133" count="41" type="stmt"/>
      <line num="145" count="0" type="cond" truecount="0" falsecount="3"/>
      <line num="147" count="0" type="stmt"/>
      <line num="148" count="0" type="stmt"/>
      <line num="149" count="0" type="stmt"/>
      <line num="151" count="0" type="cond" truecount="0" falsecount="2"/>
      <line num="157" count="14" type="stmt"/>
      <line num="159" count="14" type="cond" truecount="1" falsecount="0"/>
      <line num="161" count="14" type="stmt"/>
      <line num="164" count="0" type="stmt"/>
      <line num="168" count="12" type="stmt"/>
      <line num="170" count="14" type="stmt"/>
      <line num="173" count="14" type="stmt"/>
      <line num="176" count="14" type="cond" truecount="2" falsecount="0"/>
      <line num="180" count="14" type="stmt"/>
      <line num="186" count="14" type="cond" truecount="3" falsecount="0"/>
      <line num="187" count="9" type="stmt"/>
      <line num="189" count="5" type="stmt"/>
      <line num="191" count="5" type="stmt"/>
      <line num="195" count="67" type="stmt"/>
      <line num="196" count="27" type="stmt"/>
      <line num="197" count="27" type="stmt"/>
      <line num="199" count="27" type="stmt"/>
      <line num="201" count="27" type="stmt"/>
      <line num="202" count="27" type="stmt"/>
      <line num="204" count="27" type="cond" truecount="1" falsecount="0"/>
      <line num="205" count="14" type="cond" truecount="1" falsecount="0"/>
      <line num="208" count="14" type="stmt"/>
      <line num="211" count="0" type="cond" truecount="0" falsecount="1"/>
      <line num="214" count="0" type="stmt"/>
      <line num="215" count="0" type="stmt"/>
      <line num="221" count="13" type="cond" truecount="1" falsecount="0"/>
      <line num="222" count="1" type="stmt"/>
      <line num="223" count="1" type="stmt"/>
      <line num="226" count="13" type="stmt"/>
      <line num="229" count="12" type="stmt"/>
      <line num="230" count="0" type="stmt"/>
      <line num="231" count="0" type="cond" truecount="0" falsecount="1"/>
      <line num="232" count="0" type="cond" truecount="0" falsecount="1"/>
      <line num="233" count="0" type="stmt"/>
      <line num="235" count="0" type="stmt"/>
      <line num="238" count="0" type="stmt"/>
      <line num="239" count="0" type="stmt"/>
      <line num="242" count="12" type="stmt"/>
      <line num="244" count="0" type="cond" truecount="0" falsecount="2"/>
      <line num="247" count="12" type="stmt"/>
      <line num="248" count="0" type="stmt"/>
      <line num="249" count="0" type="stmt"/>
      <line num="252" count="12" type="stmt"/>
      <line num="256" count="12" type="stmt"/>
      <line num="257" count="12" type="cond" truecount="2" falsecount="1"/>
      <line num="260" count="1" type="stmt"/>
    </file>
    <file name="useThrottleFn.ts" path="/Users/yjw520/Desktop/NOTE/note/sublime/html/lodash/web-init/src/useThrottleFn.ts">
      <metrics statements="12" coveredstatements="11" conditionals="10" coveredconditionals="7" methods="1" coveredmethods="1"/>
      <line num="1" count="1" type="stmt"/>
      <line num="24" count="12" type="cond" truecount="0" falsecount="1"/>
      <line num="27" count="12" type="stmt"/>
      <line num="28" count="12" type="stmt"/>
      <line num="30" count="12" type="cond" truecount="0" falsecount="1"/>
      <line num="31" count="0" type="stmt"/>
      <line num="34" count="12" type="cond" truecount="1" falsecount="0"/>
      <line num="39" count="7" type="cond" truecount="2" falsecount="0"/>
      <line num="40" count="7" type="cond" truecount="2" falsecount="0"/>
      <line num="43" count="12" type="stmt"/>
      <line num="45" count="12" type="stmt"/>
      <line num="48" count="1" type="stmt"/>
    </file>
    <file name="utils.ts" path="/Users/yjw520/Desktop/NOTE/note/sublime/html/lodash/web-init/src/utils.ts">
      <metrics statements="10" coveredstatements="10" conditionals="16" coveredconditionals="10" methods="1" coveredmethods="1"/>
      <line num="3" count="1" type="cond" truecount="4" falsecount="0"/>
      <line num="10" count="1" type="cond" truecount="4" falsecount="0"/>
      <line num="15" count="1" type="stmt"/>
      <line num="18" count="1" type="cond" truecount="1" falsecount="3"/>
      <line num="22" count="1" type="cond" truecount="1" falsecount="3"/>
      <line num="24" count="1" type="stmt"/>
      <line num="25" count="6" type="stmt"/>
      <line num="28" count="1" type="stmt"/>
      <line num="38" count="1" type="stmt"/>
      <line num="40" count="1" type="stmt"/>
    </file>
  </project>
</coverage>
