<?xml version="1.0" encoding="UTF-8"?>
<coverage generated="1658474933177" clover="3.2.0">
  <project timestamp="1658474933177" name="All files">
    <metrics statements="109" coveredstatements="92" conditionals="81" coveredconditionals="57" methods="13" coveredmethods="10" elements="203" coveredelements="159" complexity="0" loc="109" ncloc="109" packages="1" files="2" classes="2"/>
    <file name="useDebounceFn.ts" path="F:\文档1\note\sublime\html\lodash\web-init\src\useDebounceFn.ts">
      <metrics statements="99" coveredstatements="82" conditionals="65" coveredconditionals="47" methods="12" coveredmethods="9"/>
      <line num="1" count="1" type="stmt"/>
      <line num="42" count="13" type="cond" truecount="0" falsecount="1"/>
      <line num="50" count="13" type="stmt"/>
      <line num="51" count="13" type="stmt"/>
      <line num="52" count="13" type="stmt"/>
      <line num="53" count="13" type="stmt"/>
      <line num="54" count="13" type="stmt"/>
      <line num="55" count="13" type="stmt"/>
      <line num="57" count="13" type="stmt"/>
      <line num="60" count="13" type="cond" truecount="2" falsecount="1"/>
      <line num="62" count="13" type="cond" truecount="2" falsecount="0"/>
      <line num="64" count="13" type="cond" truecount="0" falsecount="1"/>
      <line num="65" count="0" type="stmt"/>
      <line num="68" count="13" type="cond" truecount="3" falsecount="0"/>
      <line num="70" count="13" type="cond" truecount="1" falsecount="0"/>
      <line num="71" count="10" type="cond" truecount="3" falsecount="1"/>
      <line num="72" count="10" type="cond" truecount="3" falsecount="1"/>
      <line num="73" count="10" type="cond" truecount="6" falsecount="1"/>
      <line num="75" count="10" type="cond" truecount="2" falsecount="0"/>
      <line num="76" count="10" type="stmt"/>
      <line num="77" count="10" type="cond" truecount="5" falsecount="1"/>
      <line num="84" count="76" type="stmt"/>
      <line num="85" count="76" type="cond" truecount="0" falsecount="1"/>
      <line num="86" count="0" type="stmt"/>
      <line num="87" count="0" type="stmt"/>
      <line num="90" count="76" type="stmt"/>
      <line num="94" count="21" type="stmt"/>
      <line num="95" count="21" type="stmt"/>
      <line num="96" count="21" type="stmt"/>
      <line num="98" count="21" type="stmt"/>
      <line num="100" count="21" type="stmt"/>
      <line num="101" count="21" type="stmt"/>
      <line num="102" count="21" type="stmt"/>
      <line num="109" count="330" type="cond" truecount="1" falsecount="1"/>
      <line num="111" count="330" type="stmt"/>
      <line num="115" count="330" type="cond" truecount="0" falsecount="1"/>
      <line num="143" count="330" type="stmt"/>
      <line num="154" count="11" type="cond" truecount="2" falsecount="1"/>
      <line num="156" count="11" type="stmt"/>
      <line num="157" count="11" type="stmt"/>
      <line num="158" count="11" type="stmt"/>
      <line num="160" count="11" type="cond" truecount="1" falsecount="1"/>
      <line num="166" count="152" type="stmt"/>
      <line num="167" count="152" type="stmt"/>
      <line num="168" count="152" type="cond" truecount="1" falsecount="0"/>
      <line num="169" count="141" type="stmt"/>
      <line num="172" count="11" type="stmt"/>
      <line num="176" count="13" type="stmt"/>
      <line num="178" count="32" type="stmt"/>
      <line num="179" count="32" type="stmt"/>
      <line num="181" count="32" type="stmt"/>
      <line num="182" count="32" type="stmt"/>
      <line num="184" count="32" type="cond" truecount="2" falsecount="0"/>
      <line num="188" count="293" type="stmt"/>
      <line num="192" count="293" type="cond" truecount="3" falsecount="0"/>
      <line num="193" count="14" type="stmt"/>
      <line num="195" count="279" type="stmt"/>
      <line num="196" count="279" type="stmt"/>
      <line num="199" count="64" type="stmt"/>
      <line num="200" count="26" type="stmt"/>
      <line num="201" count="26" type="stmt"/>
      <line num="203" count="26" type="stmt"/>
      <line num="204" count="26" type="stmt"/>
      <line num="205" count="26" type="stmt"/>
      <line num="206" count="26" type="stmt"/>
      <line num="207" count="26" type="cond" truecount="1" falsecount="0"/>
      <line num="208" count="22" type="cond" truecount="1" falsecount="0"/>
      <line num="209" count="16" type="stmt"/>
      <line num="210" count="16" type="stmt"/>
      <line num="211" count="16" type="stmt"/>
      <line num="213" count="6" type="cond" truecount="1" falsecount="0"/>
      <line num="214" count="1" type="stmt"/>
      <line num="215" count="1" type="stmt"/>
      <line num="217" count="1" type="stmt"/>
      <line num="218" count="1" type="stmt"/>
      <line num="221" count="9" type="stmt"/>
      <line num="223" count="9" type="cond" truecount="0" falsecount="1"/>
      <line num="224" count="0" type="stmt"/>
      <line num="225" count="0" type="stmt"/>
      <line num="226" count="0" type="stmt"/>
      <line num="229" count="9" type="stmt"/>
      <line num="232" count="13" type="stmt"/>
      <line num="233" count="0" type="stmt"/>
      <line num="234" count="0" type="cond" truecount="0" falsecount="1"/>
      <line num="235" count="0" type="cond" truecount="0" falsecount="1"/>
      <line num="236" count="0" type="stmt"/>
      <line num="238" count="0" type="stmt"/>
      <line num="241" count="0" type="stmt"/>
      <line num="242" count="0" type="stmt"/>
      <line num="245" count="13" type="stmt"/>
      <line num="246" count="0" type="stmt"/>
      <line num="247" count="0" type="cond" truecount="0" falsecount="2"/>
      <line num="250" count="13" type="stmt"/>
      <line num="251" count="0" type="stmt"/>
      <line num="252" count="0" type="stmt"/>
      <line num="255" count="13" type="stmt"/>
      <line num="259" count="13" type="stmt"/>
      <line num="260" count="13" type="cond" truecount="2" falsecount="1"/>
      <line num="263" count="1" type="stmt"/>
    </file>
    <file name="utils.ts" path="F:\文档1\note\sublime\html\lodash\web-init\src\utils.ts">
      <metrics statements="10" coveredstatements="10" conditionals="16" coveredconditionals="10" methods="1" coveredmethods="1"/>
      <line num="3" count="1" type="cond" truecount="4" falsecount="0"/>
      <line num="10" count="1" type="cond" truecount="4" falsecount="0"/>
      <line num="15" count="1" type="stmt"/>
      <line num="18" count="1" type="cond" truecount="1" falsecount="3"/>
      <line num="22" count="1" type="cond" truecount="1" falsecount="3"/>
      <line num="24" count="1" type="stmt"/>
      <line num="25" count="5" type="stmt"/>
      <line num="28" count="1" type="stmt"/>
      <line num="36" count="1" type="stmt"/>
      <line num="38" count="1" type="stmt"/>
    </file>
  </project>
</coverage>
