{"F:\\文档1\\note\\sublime\\html\\lodash\\web-init\\src\\useDebounceFn.ts": {"path":"F:\\文档1\\note\\sublime\\html\\lodash\\web-init\\src\\useDebounceFn.ts","statementMap":{"0":{"start":{"line":1,"column":0},"end":{"line":1,"column":27}},"1":{"start":{"line":42,"column":2},"end":{"line":42,"column":null}},"2":{"start":{"line":50,"column":37},"end":{"line":50,"column":41}},"3":{"start":{"line":51,"column":35},"end":{"line":51,"column":36}},"4":{"start":{"line":52,"column":37},"end":{"line":52,"column":42}},"5":{"start":{"line":53,"column":39},"end":{"line":53,"column":43}},"6":{"start":{"line":54,"column":47},"end":{"line":54,"column":48}},"7":{"start":{"line":55,"column":51},"end":{"line":55,"column":52}},"8":{"start":{"line":57,"column":2},"end":{"line":57,"column":79}},"9":{"start":{"line":60,"column":4},"end":{"line":60,"column":75}},"10":{"start":{"line":62,"column":2},"end":{"line":62,"column":60}},"11":{"start":{"line":64,"column":2},"end":{"line":66,"column":null}},"12":{"start":{"line":65,"column":4},"end":{"line":65,"column":47}},"13":{"start":{"line":68,"column":2},"end":{"line":68,"column":33}},"14":{"start":{"line":70,"column":2},"end":{"line":78,"column":null}},"15":{"start":{"line":71,"column":4},"end":{"line":71,"column":33}},"16":{"start":{"line":72,"column":4},"end":{"line":72,"column":30}},"17":{"start":{"line":73,"column":23},"end":{"line":73,"column":69}},"18":{"start":{"line":75,"column":4},"end":{"line":75,"column":60}},"19":{"start":{"line":76,"column":4},"end":{"line":76,"column":57}},"20":{"start":{"line":77,"column":4},"end":{"line":77,"column":65}},"21":{"start":{"line":84,"column":4},"end":{"line":84,"column":65}},"22":{"start":{"line":85,"column":4},"end":{"line":88,"column":null}},"23":{"start":{"line":86,"column":6},"end":{"line":86,"column":41}},"24":{"start":{"line":87,"column":6},"end":{"line":87,"column":53}},"25":{"start":{"line":90,"column":4},"end":{"line":90,"column":41}},"26":{"start":{"line":94,"column":17},"end":{"line":94,"column":25}},"27":{"start":{"line":95,"column":20},"end":{"line":95,"column":28}},"28":{"start":{"line":96,"column":4},"end":{"line":96,"column":36}},"29":{"start":{"line":98,"column":4},"end":{"line":98,"column":26}},"30":{"start":{"line":100,"column":4},"end":{"line":100,"column":41}},"31":{"start":{"line":101,"column":4},"end":{"line":101,"column":39}},"32":{"start":{"line":102,"column":4},"end":{"line":102,"column":18}},"33":{"start":{"line":109,"column":6},"end":{"line":109,"column":60}},"34":{"start":{"line":111,"column":32},"end":{"line":111,"column":53}},"35":{"start":{"line":115,"column":4},"end":{"line":115,"column":25}},"36":{"start":{"line":115,"column":18},"end":{"line":115,"column":25}},"37":{"start":{"line":143,"column":4},"end":{"line":148,"column":6}},"38":{"start":{"line":154,"column":4},"end":{"line":154,"column":42}},"39":{"start":{"line":154,"column":35},"end":{"line":154,"column":42}},"40":{"start":{"line":156,"column":30},"end":{"line":156,"column":49}},"41":{"start":{"line":157,"column":32},"end":{"line":157,"column":53}},"42":{"start":{"line":158,"column":24},"end":{"line":158,"column":48}},"43":{"start":{"line":160,"column":4},"end":{"line":162,"column":20}},"44":{"start":{"line":166,"column":17},"end":{"line":166,"column":27}},"45":{"start":{"line":167,"column":4},"end":{"line":167,"column":64}},"46":{"start":{"line":168,"column":4},"end":{"line":170,"column":null}},"47":{"start":{"line":169,"column":6},"end":{"line":169,"column":32}},"48":{"start":{"line":172,"column":4},"end":{"line":172,"column":60}},"49":{"start":{"line":176,"column":22},"end":{"line":185,"column":3}},"50":{"start":{"line":178,"column":4},"end":{"line":178,"column":26}},"51":{"start":{"line":179,"column":4},"end":{"line":179,"column":49}},"52":{"start":{"line":181,"column":4},"end":{"line":181,"column":45}},"53":{"start":{"line":182,"column":4},"end":{"line":182,"column":57}},"54":{"start":{"line":184,"column":4},"end":{"line":184,"column":47}},"55":{"start":{"line":188,"column":4},"end":{"line":188,"column":24}},"56":{"start":{"line":192,"column":4},"end":{"line":194,"column":null}},"57":{"start":{"line":193,"column":6},"end":{"line":193,"column":30}},"58":{"start":{"line":195,"column":4},"end":{"line":195,"column":36}},"59":{"start":{"line":196,"column":4},"end":{"line":196,"column":18}},"60":{"start":{"line":199,"column":21},"end":{"line":199,"column":40}},"61":{"start":{"line":200,"column":17},"end":{"line":200,"column":27}},"62":{"start":{"line":201,"column":23},"end":{"line":201,"column":41}},"63":{"start":{"line":203,"column":4},"end":{"line":203,"column":20}},"64":{"start":{"line":204,"column":4},"end":{"line":204,"column":20}},"65":{"start":{"line":205,"column":4},"end":{"line":205,"column":24}},"66":{"start":{"line":206,"column":4},"end":{"line":206,"column":64}},"67":{"start":{"line":207,"column":4},"end":{"line":220,"column":null}},"68":{"start":{"line":208,"column":6},"end":{"line":212,"column":null}},"69":{"start":{"line":209,"column":8},"end":{"line":209,"column":62}},"70":{"start":{"line":210,"column":8},"end":{"line":210,"column":70}},"71":{"start":{"line":211,"column":8},"end":{"line":211,"column":41}},"72":{"start":{"line":213,"column":6},"end":{"line":219,"column":null}},"73":{"start":{"line":214,"column":8},"end":{"line":214,"column":31}},"74":{"start":{"line":215,"column":8},"end":{"line":215,"column":39}},"75":{"start":{"line":217,"column":8},"end":{"line":217,"column":49}},"76":{"start":{"line":218,"column":8},"end":{"line":218,"column":40}},"77":{"start":{"line":221,"column":4},"end":{"line":221,"column":38}},"78":{"start":{"line":223,"column":4},"end":{"line":227,"column":null}},"79":{"start":{"line":224,"column":6},"end":{"line":224,"column":15}},"80":{"start":{"line":225,"column":6},"end":{"line":225,"column":37}},"81":{"start":{"line":226,"column":6},"end":{"line":226,"column":47}},"82":{"start":{"line":229,"column":4},"end":{"line":229,"column":18}},"83":{"start":{"line":232,"column":2},"end":{"line":243,"column":4}},"84":{"start":{"line":233,"column":4},"end":{"line":233,"column":13}},"85":{"start":{"line":234,"column":4},"end":{"line":239,"column":null}},"86":{"start":{"line":235,"column":6},"end":{"line":237,"column":null}},"87":{"start":{"line":236,"column":8},"end":{"line":236,"column":50}},"88":{"start":{"line":238,"column":6},"end":{"line":238,"column":28}},"89":{"start":{"line":241,"column":4},"end":{"line":241,"column":23}},"90":{"start":{"line":242,"column":4},"end":{"line":242,"column":61}},"91":{"start":{"line":245,"column":2},"end":{"line":248,"column":4}},"92":{"start":{"line":246,"column":4},"end":{"line":246,"column":13}},"93":{"start":{"line":247,"column":4},"end":{"line":247,"column":69}},"94":{"start":{"line":250,"column":2},"end":{"line":253,"column":4}},"95":{"start":{"line":251,"column":4},"end":{"line":251,"column":13}},"96":{"start":{"line":252,"column":4},"end":{"line":252,"column":33}},"97":{"start":{"line":255,"column":2},"end":{"line":255,"column":19}},"98":{"start":{"line":259,"column":15},"end":{"line":259,"column":27}},"99":{"start":{"line":260,"column":2},"end":{"line":260,"column":69}},"100":{"start":{"line":263,"column":0},"end":{"line":263,"column":29}}},"fnMap":{"0":{"name":"startTimer","decl":{"start":{"line":80,"column":11},"end":{"line":80,"column":21}},"loc":{"start":{"line":82,"column":28},"end":{"line":91,"column":3}}},"1":{"name":"invokeFunc","decl":{"start":{"line":93,"column":11},"end":{"line":93,"column":21}},"loc":{"start":{"line":93,"column":34},"end":{"line":103,"column":3}}},"2":{"name":"shouldInvoke","decl":{"start":{"line":106,"column":11},"end":{"line":106,"column":23}},"loc":{"start":{"line":106,"column":36},"end":{"line":149,"column":3}}},"3":{"name":"remainingWait","decl":{"start":{"line":152,"column":11},"end":{"line":152,"column":24}},"loc":{"start":{"line":152,"column":37},"end":{"line":163,"column":3}}},"4":{"name":"timerExpired","decl":{"start":{"line":165,"column":11},"end":{"line":165,"column":23}},"loc":{"start":{"line":165,"column":23},"end":{"line":173,"column":3}}},"5":{"name":"(anonymous_6)","decl":{"start":{"line":176,"column":22},"end":{"line":176,"column":23}},"loc":{"start":{"line":176,"column":35},"end":{"line":185,"column":3}}},"6":{"name":"trailingEdge","decl":{"start":{"line":187,"column":11},"end":{"line":187,"column":23}},"loc":{"start":{"line":187,"column":36},"end":{"line":197,"column":3}}},"7":{"name":"debounced","decl":{"start":{"line":199,"column":11},"end":{"line":199,"column":20}},"loc":{"start":{"line":199,"column":20},"end":{"line":230,"column":3}}},"8":{"name":"(anonymous_9)","decl":{"start":{"line":232,"column":21},"end":{"line":232,"column":null}},"loc":{"start":{"line":232,"column":21},"end":{"line":243,"column":3}}},"9":{"name":"(anonymous_10)","decl":{"start":{"line":245,"column":20},"end":{"line":245,"column":null}},"loc":{"start":{"line":245,"column":20},"end":{"line":248,"column":3}}},"10":{"name":"(anonymous_11)","decl":{"start":{"line":250,"column":22},"end":{"line":250,"column":null}},"loc":{"start":{"line":250,"column":22},"end":{"line":253,"column":3}}},"11":{"name":"isObject","decl":{"start":{"line":258,"column":9},"end":{"line":258,"column":17}},"loc":{"start":{"line":258,"column":52},"end":{"line":261,"column":1}}}},"branchMap":{"0":{"loc":{"start":{"line":42,"column":2},"end":{"line":42,"column":null}},"type":"if","locations":[{"start":{"line":42,"column":2},"end":{"line":42,"column":null}}]},"1":{"loc":{"start":{"line":60,"column":4},"end":{"line":60,"column":75}},"type":"binary-expr","locations":[{"start":{"line":60,"column":4},"end":{"line":60,"column":9}},{"start":{"line":60,"column":13},"end":{"line":60,"column":23}},{"start":{"line":60,"column":27},"end":{"line":60,"column":75}}]},"2":{"loc":{"start":{"line":62,"column":31},"end":{"line":62,"column":50}},"type":"binary-expr","locations":[{"start":{"line":62,"column":31},"end":{"line":62,"column":36}},{"start":{"line":62,"column":40},"end":{"line":62,"column":50}}]},"3":{"loc":{"start":{"line":64,"column":2},"end":{"line":66,"column":null}},"type":"if","locations":[{"start":{"line":64,"column":2},"end":{"line":66,"column":null}}]},"4":{"loc":{"start":{"line":68,"column":9},"end":{"line":68,"column":32}},"type":"binary-expr","locations":[{"start":{"line":68,"column":10},"end":{"line":68,"column":14}},{"start":{"line":68,"column":18},"end":{"line":68,"column":26}},{"start":{"line":68,"column":31},"end":{"line":68,"column":32}}]},"5":{"loc":{"start":{"line":70,"column":2},"end":{"line":78,"column":null}},"type":"if","locations":[{"start":{"line":70,"column":2},"end":{"line":78,"column":null}}]},"6":{"loc":{"start":{"line":71,"column":16},"end":{"line":71,"column":32}},"type":"cond-expr","locations":[{"start":{"line":71,"column":23},"end":{"line":71,"column":25}},{"start":{"line":71,"column":16},"end":{"line":71,"column":32}}]},"7":{"loc":{"start":{"line":71,"column":16},"end":{"line":71,"column":25}},"type":"binary-expr","locations":[{"start":{"line":71,"column":16},"end":{"line":71,"column":25}},{"start":{"line":71,"column":16},"end":{"line":71,"column":25}}]},"8":{"loc":{"start":{"line":72,"column":13},"end":{"line":72,"column":29}},"type":"cond-expr","locations":[{"start":{"line":72,"column":20},"end":{"line":72,"column":22}},{"start":{"line":72,"column":13},"end":{"line":72,"column":29}}]},"9":{"loc":{"start":{"line":72,"column":13},"end":{"line":72,"column":22}},"type":"binary-expr","locations":[{"start":{"line":72,"column":13},"end":{"line":72,"column":22}},{"start":{"line":72,"column":13},"end":{"line":72,"column":22}}]},"10":{"loc":{"start":{"line":73,"column":23},"end":{"line":73,"column":69}},"type":"binary-expr","locations":[{"start":{"line":73,"column":24},"end":{"line":73,"column":40}},{"start":{"line":73,"column":44},"end":{"line":73,"column":63}},{"start":{"line":73,"column":68},"end":{"line":73,"column":69}}]},"11":{"loc":{"start":{"line":73,"column":24},"end":{"line":73,"column":40}},"type":"cond-expr","locations":[{"start":{"line":73,"column":31},"end":{"line":73,"column":33}},{"start":{"line":73,"column":24},"end":{"line":73,"column":40}}]},"12":{"loc":{"start":{"line":73,"column":24},"end":{"line":73,"column":33}},"type":"binary-expr","locations":[{"start":{"line":73,"column":24},"end":{"line":73,"column":33}},{"start":{"line":73,"column":24},"end":{"line":73,"column":33}}]},"13":{"loc":{"start":{"line":75,"column":14},"end":{"line":75,"column":59}},"type":"cond-expr","locations":[{"start":{"line":75,"column":23},"end":{"line":75,"column":49}},{"start":{"line":75,"column":52},"end":{"line":75,"column":59}}]},"14":{"loc":{"start":{"line":77,"column":15},"end":{"line":77,"column":64}},"type":"cond-expr","locations":[{"start":{"line":77,"column":35},"end":{"line":77,"column":53}},{"start":{"line":77,"column":56},"end":{"line":77,"column":64}}]},"15":{"loc":{"start":{"line":77,"column":15},"end":{"line":77,"column":32}},"type":"cond-expr","locations":[{"start":{"line":77,"column":22},"end":{"line":77,"column":24}},{"start":{"line":77,"column":15},"end":{"line":77,"column":32}}]},"16":{"loc":{"start":{"line":77,"column":15},"end":{"line":77,"column":24}},"type":"binary-expr","locations":[{"start":{"line":77,"column":15},"end":{"line":77,"column":24}},{"start":{"line":77,"column":15},"end":{"line":77,"column":24}}]},"17":{"loc":{"start":{"line":85,"column":4},"end":{"line":88,"column":null}},"type":"if","locations":[{"start":{"line":85,"column":4},"end":{"line":88,"column":null}}]},"18":{"loc":{"start":{"line":109,"column":14},"end":{"line":109,"column":59}},"type":"cond-expr","locations":[{"start":{"line":109,"column":43},"end":{"line":109,"column":44}},{"start":{"line":109,"column":47},"end":{"line":109,"column":59}}]},"19":{"loc":{"start":{"line":115,"column":4},"end":{"line":115,"column":25}},"type":"if","locations":[{"start":{"line":115,"column":4},"end":{"line":115,"column":25}}]},"20":{"loc":{"start":{"line":144,"column":6},"end":{"line":147,"column":48}},"type":"binary-expr","locations":[{"start":{"line":144,"column":6},"end":{"line":144,"column":32}},{"start":{"line":145,"column":6},"end":{"line":145,"column":31}},{"start":{"line":146,"column":6},"end":{"line":146,"column":27}},{"start":{"line":147,"column":7},"end":{"line":147,"column":13}},{"start":{"line":147,"column":17},"end":{"line":147,"column":47}}]},"21":{"loc":{"start":{"line":154,"column":4},"end":{"line":154,"column":42}},"type":"if","locations":[{"start":{"line":154,"column":4},"end":{"line":154,"column":42}}]},"22":{"loc":{"start":{"line":154,"column":8},"end":{"line":154,"column":33}},"type":"binary-expr","locations":[{"start":{"line":154,"column":8},"end":{"line":154,"column":16}},{"start":{"line":154,"column":20},"end":{"line":154,"column":33}}]},"23":{"loc":{"start":{"line":160,"column":11},"end":{"line":162,"column":19}},"type":"cond-expr","locations":[{"start":{"line":161,"column":8},"end":{"line":161,"column":60}},{"start":{"line":162,"column":8},"end":{"line":162,"column":19}}]},"24":{"loc":{"start":{"line":168,"column":4},"end":{"line":170,"column":null}},"type":"if","locations":[{"start":{"line":168,"column":4},"end":{"line":170,"column":null}}]},"25":{"loc":{"start":{"line":184,"column":11},"end":{"line":184,"column":46}},"type":"cond-expr","locations":[{"start":{"line":184,"column":21},"end":{"line":184,"column":37}},{"start":{"line":184,"column":40},"end":{"line":184,"column":46}}]},"26":{"loc":{"start":{"line":192,"column":4},"end":{"line":194,"column":null}},"type":"if","locations":[{"start":{"line":192,"column":4},"end":{"line":194,"column":null}}]},"27":{"loc":{"start":{"line":192,"column":8},"end":{"line":192,"column":28}},"type":"binary-expr","locations":[{"start":{"line":192,"column":8},"end":{"line":192,"column":16}},{"start":{"line":192,"column":20},"end":{"line":192,"column":28}}]},"28":{"loc":{"start":{"line":207,"column":4},"end":{"line":220,"column":null}},"type":"if","locations":[{"start":{"line":207,"column":4},"end":{"line":220,"column":null}}]},"29":{"loc":{"start":{"line":208,"column":6},"end":{"line":212,"column":null}},"type":"if","locations":[{"start":{"line":208,"column":6},"end":{"line":212,"column":null}}]},"30":{"loc":{"start":{"line":213,"column":6},"end":{"line":219,"column":null}},"type":"if","locations":[{"start":{"line":213,"column":6},"end":{"line":219,"column":null}}]},"31":{"loc":{"start":{"line":223,"column":4},"end":{"line":227,"column":null}},"type":"if","locations":[{"start":{"line":223,"column":4},"end":{"line":227,"column":null}}]},"32":{"loc":{"start":{"line":234,"column":4},"end":{"line":239,"column":null}},"type":"if","locations":[{"start":{"line":234,"column":4},"end":{"line":239,"column":null}}]},"33":{"loc":{"start":{"line":235,"column":6},"end":{"line":237,"column":null}},"type":"if","locations":[{"start":{"line":235,"column":6},"end":{"line":237,"column":null}}]},"34":{"loc":{"start":{"line":247,"column":11},"end":{"line":247,"column":68}},"type":"cond-expr","locations":[{"start":{"line":247,"column":35},"end":{"line":247,"column":41}},{"start":{"line":247,"column":44},"end":{"line":247,"column":68}}]},"35":{"loc":{"start":{"line":260,"column":9},"end":{"line":260,"column":68}},"type":"binary-expr","locations":[{"start":{"line":260,"column":9},"end":{"line":260,"column":22}},{"start":{"line":260,"column":27},"end":{"line":260,"column":44}},{"start":{"line":260,"column":48},"end":{"line":260,"column":67}}]}},"s":{"0":1,"1":13,"2":13,"3":13,"4":13,"5":13,"6":13,"7":13,"8":13,"9":13,"10":13,"11":13,"12":0,"13":13,"14":13,"15":10,"16":10,"17":10,"18":10,"19":10,"20":10,"21":76,"22":76,"23":0,"24":0,"25":76,"26":21,"27":21,"28":21,"29":21,"30":21,"31":21,"32":21,"33":330,"34":330,"35":330,"36":0,"37":330,"38":11,"39":0,"40":11,"41":11,"42":11,"43":11,"44":152,"45":152,"46":152,"47":141,"48":11,"49":13,"50":32,"51":32,"52":32,"53":32,"54":32,"55":293,"56":293,"57":14,"58":279,"59":279,"60":64,"61":26,"62":26,"63":26,"64":26,"65":26,"66":26,"67":26,"68":22,"69":16,"70":16,"71":16,"72":6,"73":1,"74":1,"75":1,"76":1,"77":9,"78":9,"79":0,"80":0,"81":0,"82":9,"83":13,"84":0,"85":0,"86":0,"87":0,"88":0,"89":0,"90":0,"91":13,"92":0,"93":0,"94":13,"95":0,"96":0,"97":13,"98":13,"99":13,"100":1},"f":{"0":76,"1":21,"2":330,"3":11,"4":152,"5":32,"6":293,"7":26,"8":0,"9":0,"10":0,"11":13},"b":{"0":[0],"1":[13,1,0],"2":[13,1],"3":[0],"4":[13,12,1],"5":[10],"6":[0,10],"7":[10,10],"8":[0,10],"9":[10,10],"10":[10,4,6],"11":[0,10],"12":[10,10],"13":[4,6],"14":[1,9],"15":[0,10],"16":[10,10],"17":[0],"18":[0,330],"19":[0],"20":[330,330,26,26,24],"21":[0],"22":[11,11],"23":[11,0],"24":[141],"25":[6,26],"26":[14],"27":[293,293],"28":[22],"29":[16],"30":[1],"31":[0],"32":[0],"33":[0],"34":[0,0],"35":[13,10,0]}}
,"F:\\文档1\\note\\sublime\\html\\lodash\\web-init\\src\\utils.ts": {"path":"F:\\文档1\\note\\sublime\\html\\lodash\\web-init\\src\\utils.ts","statementMap":{"0":{"start":{"line":3,"column":2},"end":{"line":6,"column":8}},"1":{"start":{"line":10,"column":2},"end":{"line":13,"column":12}},"2":{"start":{"line":15,"column":18},"end":{"line":15,"column":20}},"3":{"start":{"line":18,"column":2},"end":{"line":18,"column":77}},"4":{"start":{"line":22,"column":2},"end":{"line":22,"column":71}},"5":{"start":{"line":24,"column":17},"end":{"line":26,"column":1}},"6":{"start":{"line":25,"column":2},"end":{"line":25,"column":15}},"7":{"start":{"line":36,"column":9},"end":{"line":36,"column":17}},"8":{"start":{"line":28,"column":13},"end":{"line":28,"column":33}},"9":{"start":{"line":36,"column":19},"end":{"line":36,"column":23}},"10":{"start":{"line":38,"column":0},"end":{"line":38,"column":20}}},"fnMap":{"0":{"name":"(anonymous_0)","decl":{"start":{"line":24,"column":17},"end":{"line":24,"column":27}},"loc":{"start":{"line":24,"column":37},"end":{"line":26,"column":1}}}},"branchMap":{"0":{"loc":{"start":{"line":3,"column":2},"end":{"line":6,"column":8}},"type":"binary-expr","locations":[{"start":{"line":3,"column":2},"end":{"line":3,"column":28}},{"start":{"line":4,"column":2},"end":{"line":4,"column":17}},{"start":{"line":5,"column":2},"end":{"line":5,"column":26}},{"start":{"line":6,"column":2},"end":{"line":6,"column":8}}]},"1":{"loc":{"start":{"line":10,"column":2},"end":{"line":13,"column":12}},"type":"binary-expr","locations":[{"start":{"line":10,"column":2},"end":{"line":10,"column":32}},{"start":{"line":11,"column":2},"end":{"line":11,"column":21}},{"start":{"line":12,"column":2},"end":{"line":12,"column":29}},{"start":{"line":13,"column":2},"end":{"line":13,"column":12}}]},"2":{"loc":{"start":{"line":18,"column":2},"end":{"line":18,"column":77}},"type":"binary-expr","locations":[{"start":{"line":18,"column":2},"end":{"line":18,"column":26}},{"start":{"line":18,"column":30},"end":{"line":18,"column":43}},{"start":{"line":18,"column":47},"end":{"line":18,"column":69}},{"start":{"line":18,"column":73},"end":{"line":18,"column":77}}]},"3":{"loc":{"start":{"line":22,"column":2},"end":{"line":22,"column":71}},"type":"binary-expr","locations":[{"start":{"line":22,"column":2},"end":{"line":22,"column":16}},{"start":{"line":22,"column":20},"end":{"line":22,"column":30}},{"start":{"line":22,"column":34},"end":{"line":22,"column":42}},{"start":{"line":22,"column":46},"end":{"line":22,"column":71}}]}},"s":{"0":1,"1":1,"2":1,"3":1,"4":1,"5":1,"6":5,"7":1,"8":1,"9":1,"10":1},"f":{"0":5},"b":{"0":[1,1,1,1],"1":[1,1,1,1],"2":[1,0,0,0],"3":[1,0,0,0]}}
}
