{"/Users/yjw520/Desktop/NOTE/note/sublime/html/lodash/web-init/src/useDebounceFn.ts": {"path":"/Users/yjw520/Desktop/NOTE/note/sublime/html/lodash/web-init/src/useDebounceFn.ts","statementMap":{"0":{"start":{"line":1,"column":0},"end":{"line":1,"column":27}},"1":{"start":{"line":43,"column":2},"end":{"line":43,"column":null}},"2":{"start":{"line":51,"column":37},"end":{"line":51,"column":41}},"3":{"start":{"line":52,"column":35},"end":{"line":52,"column":36}},"4":{"start":{"line":53,"column":37},"end":{"line":53,"column":42}},"5":{"start":{"line":54,"column":39},"end":{"line":54,"column":43}},"6":{"start":{"line":55,"column":47},"end":{"line":55,"column":48}},"7":{"start":{"line":56,"column":51},"end":{"line":56,"column":52}},"8":{"start":{"line":61,"column":4},"end":{"line":61,"column":75}},"9":{"start":{"line":65,"column":2},"end":{"line":67,"column":null}},"10":{"start":{"line":66,"column":4},"end":{"line":66,"column":47}},"11":{"start":{"line":69,"column":2},"end":{"line":69,"column":33}},"12":{"start":{"line":71,"column":2},"end":{"line":86,"column":null}},"13":{"start":{"line":72,"column":4},"end":{"line":72,"column":33}},"14":{"start":{"line":73,"column":4},"end":{"line":73,"column":30}},"15":{"start":{"line":76,"column":4},"end":{"line":76,"column":71}},"16":{"start":{"line":78,"column":4},"end":{"line":78,"column":69}},"17":{"start":{"line":91,"column":4},"end":{"line":94,"column":null}},"18":{"start":{"line":92,"column":6},"end":{"line":92,"column":41}},"19":{"start":{"line":93,"column":6},"end":{"line":93,"column":53}},"20":{"start":{"line":96,"column":4},"end":{"line":96,"column":41}},"21":{"start":{"line":100,"column":17},"end":{"line":100,"column":25}},"22":{"start":{"line":101,"column":20},"end":{"line":101,"column":28}},"23":{"start":{"line":103,"column":4},"end":{"line":103,"column":36}},"24":{"start":{"line":105,"column":4},"end":{"line":105,"column":26}},"25":{"start":{"line":110,"column":4},"end":{"line":110,"column":39}},"26":{"start":{"line":112,"column":4},"end":{"line":112,"column":18}},"27":{"start":{"line":119,"column":6},"end":{"line":119,"column":60}},"28":{"start":{"line":121,"column":32},"end":{"line":121,"column":53}},"29":{"start":{"line":124,"column":4},"end":{"line":124,"column":25}},"30":{"start":{"line":124,"column":18},"end":{"line":124,"column":25}},"31":{"start":{"line":133,"column":4},"end":{"line":138,"column":6}},"32":{"start":{"line":145,"column":4},"end":{"line":145,"column":42}},"33":{"start":{"line":145,"column":35},"end":{"line":145,"column":42}},"34":{"start":{"line":147,"column":30},"end":{"line":147,"column":49}},"35":{"start":{"line":148,"column":32},"end":{"line":148,"column":53}},"36":{"start":{"line":149,"column":24},"end":{"line":149,"column":48}},"37":{"start":{"line":151,"column":4},"end":{"line":153,"column":20}},"38":{"start":{"line":157,"column":17},"end":{"line":157,"column":27}},"39":{"start":{"line":159,"column":4},"end":{"line":162,"column":null}},"40":{"start":{"line":161,"column":6},"end":{"line":161,"column":32}},"41":{"start":{"line":164,"column":4},"end":{"line":164,"column":60}},"42":{"start":{"line":168,"column":22},"end":{"line":177,"column":3}},"43":{"start":{"line":170,"column":4},"end":{"line":170,"column":26}},"44":{"start":{"line":173,"column":4},"end":{"line":173,"column":45}},"45":{"start":{"line":176,"column":4},"end":{"line":176,"column":47}},"46":{"start":{"line":180,"column":4},"end":{"line":180,"column":24}},"47":{"start":{"line":186,"column":4},"end":{"line":188,"column":null}},"48":{"start":{"line":187,"column":6},"end":{"line":187,"column":30}},"49":{"start":{"line":189,"column":4},"end":{"line":189,"column":36}},"50":{"start":{"line":191,"column":4},"end":{"line":191,"column":18}},"51":{"start":{"line":195,"column":21},"end":{"line":195,"column":40}},"52":{"start":{"line":196,"column":17},"end":{"line":196,"column":27}},"53":{"start":{"line":197,"column":23},"end":{"line":197,"column":41}},"54":{"start":{"line":199,"column":4},"end":{"line":199,"column":20}},"55":{"start":{"line":201,"column":4},"end":{"line":201,"column":20}},"56":{"start":{"line":202,"column":4},"end":{"line":202,"column":24}},"57":{"start":{"line":204,"column":4},"end":{"line":217,"column":null}},"58":{"start":{"line":205,"column":6},"end":{"line":209,"column":null}},"59":{"start":{"line":208,"column":8},"end":{"line":208,"column":41}},"60":{"start":{"line":211,"column":6},"end":{"line":216,"column":null}},"61":{"start":{"line":214,"column":8},"end":{"line":214,"column":49}},"62":{"start":{"line":215,"column":8},"end":{"line":215,"column":40}},"63":{"start":{"line":221,"column":4},"end":{"line":224,"column":null}},"64":{"start":{"line":222,"column":6},"end":{"line":222,"column":41}},"65":{"start":{"line":223,"column":6},"end":{"line":223,"column":47}},"66":{"start":{"line":226,"column":4},"end":{"line":226,"column":18}},"67":{"start":{"line":229,"column":2},"end":{"line":240,"column":4}},"68":{"start":{"line":230,"column":4},"end":{"line":230,"column":13}},"69":{"start":{"line":231,"column":4},"end":{"line":236,"column":null}},"70":{"start":{"line":232,"column":6},"end":{"line":234,"column":null}},"71":{"start":{"line":233,"column":8},"end":{"line":233,"column":50}},"72":{"start":{"line":235,"column":6},"end":{"line":235,"column":28}},"73":{"start":{"line":238,"column":4},"end":{"line":238,"column":23}},"74":{"start":{"line":239,"column":4},"end":{"line":239,"column":61}},"75":{"start":{"line":242,"column":2},"end":{"line":245,"column":4}},"76":{"start":{"line":244,"column":4},"end":{"line":244,"column":69}},"77":{"start":{"line":247,"column":2},"end":{"line":250,"column":4}},"78":{"start":{"line":248,"column":4},"end":{"line":248,"column":13}},"79":{"start":{"line":249,"column":4},"end":{"line":249,"column":33}},"80":{"start":{"line":252,"column":2},"end":{"line":252,"column":19}},"81":{"start":{"line":256,"column":15},"end":{"line":256,"column":27}},"82":{"start":{"line":257,"column":2},"end":{"line":257,"column":69}},"83":{"start":{"line":260,"column":0},"end":{"line":260,"column":29}}},"fnMap":{"0":{"name":"useDebounceFn","decl":{"start":{"line":41,"column":9},"end":{"line":41,"column":22}},"loc":{"start":{"line":44,"column":27},"end":{"line":253,"column":1}}},"1":{"name":"startTimer","decl":{"start":{"line":89,"column":11},"end":{"line":89,"column":21}},"loc":{"start":{"line":89,"column":61},"end":{"line":97,"column":3}}},"2":{"name":"invokeFunc","decl":{"start":{"line":99,"column":11},"end":{"line":99,"column":21}},"loc":{"start":{"line":99,"column":34},"end":{"line":113,"column":3}}},"3":{"name":"shouldInvoke","decl":{"start":{"line":116,"column":11},"end":{"line":116,"column":23}},"loc":{"start":{"line":116,"column":36},"end":{"line":139,"column":3}}},"4":{"name":"remainingWait","decl":{"start":{"line":143,"column":11},"end":{"line":143,"column":24}},"loc":{"start":{"line":143,"column":37},"end":{"line":154,"column":3}}},"5":{"name":"timerExpired","decl":{"start":{"line":156,"column":11},"end":{"line":156,"column":23}},"loc":{"start":{"line":156,"column":23},"end":{"line":165,"column":3}}},"6":{"name":"(anonymous_6)","decl":{"start":{"line":168,"column":22},"end":{"line":168,"column":23}},"loc":{"start":{"line":168,"column":35},"end":{"line":177,"column":3}}},"7":{"name":"trailingEdge","decl":{"start":{"line":179,"column":11},"end":{"line":179,"column":23}},"loc":{"start":{"line":179,"column":36},"end":{"line":192,"column":3}}},"8":{"name":"debounced","decl":{"start":{"line":195,"column":11},"end":{"line":195,"column":20}},"loc":{"start":{"line":195,"column":20},"end":{"line":227,"column":3}}},"9":{"name":"(anonymous_9)","decl":{"start":{"line":229,"column":21},"end":{"line":229,"column":null}},"loc":{"start":{"line":229,"column":21},"end":{"line":240,"column":3}}},"10":{"name":"(anonymous_10)","decl":{"start":{"line":242,"column":20},"end":{"line":242,"column":null}},"loc":{"start":{"line":242,"column":20},"end":{"line":245,"column":3}}},"11":{"name":"(anonymous_11)","decl":{"start":{"line":247,"column":22},"end":{"line":247,"column":null}},"loc":{"start":{"line":247,"column":22},"end":{"line":250,"column":3}}},"12":{"name":"isObject","decl":{"start":{"line":255,"column":9},"end":{"line":255,"column":17}},"loc":{"start":{"line":255,"column":41},"end":{"line":258,"column":1}}}},"branchMap":{"0":{"loc":{"start":{"line":43,"column":2},"end":{"line":43,"column":null}},"type":"if","locations":[{"start":{"line":43,"column":2},"end":{"line":43,"column":null}}]},"1":{"loc":{"start":{"line":61,"column":4},"end":{"line":61,"column":75}},"type":"binary-expr","locations":[{"start":{"line":61,"column":4},"end":{"line":61,"column":9}},{"start":{"line":61,"column":13},"end":{"line":61,"column":23}},{"start":{"line":61,"column":27},"end":{"line":61,"column":75}}]},"2":{"loc":{"start":{"line":65,"column":2},"end":{"line":67,"column":null}},"type":"if","locations":[{"start":{"line":65,"column":2},"end":{"line":67,"column":null}}]},"3":{"loc":{"start":{"line":69,"column":9},"end":{"line":69,"column":32}},"type":"binary-expr","locations":[{"start":{"line":69,"column":10},"end":{"line":69,"column":14}},{"start":{"line":69,"column":18},"end":{"line":69,"column":26}},{"start":{"line":69,"column":31},"end":{"line":69,"column":32}}]},"4":{"loc":{"start":{"line":71,"column":2},"end":{"line":86,"column":null}},"type":"if","locations":[{"start":{"line":71,"column":2},"end":{"line":86,"column":null}}]},"5":{"loc":{"start":{"line":72,"column":16},"end":{"line":72,"column":32}},"type":"cond-expr","locations":[{"start":{"line":72,"column":23},"end":{"line":72,"column":25}},{"start":{"line":72,"column":16},"end":{"line":72,"column":32}}]},"6":{"loc":{"start":{"line":72,"column":16},"end":{"line":72,"column":25}},"type":"binary-expr","locations":[{"start":{"line":72,"column":16},"end":{"line":72,"column":25}},{"start":{"line":72,"column":16},"end":{"line":72,"column":25}}]},"7":{"loc":{"start":{"line":73,"column":13},"end":{"line":73,"column":29}},"type":"cond-expr","locations":[{"start":{"line":73,"column":20},"end":{"line":73,"column":22}},{"start":{"line":73,"column":13},"end":{"line":73,"column":29}}]},"8":{"loc":{"start":{"line":73,"column":13},"end":{"line":73,"column":22}},"type":"binary-expr","locations":[{"start":{"line":73,"column":13},"end":{"line":73,"column":22}},{"start":{"line":73,"column":13},"end":{"line":73,"column":22}}]},"9":{"loc":{"start":{"line":76,"column":14},"end":{"line":76,"column":70}},"type":"cond-expr","locations":[{"start":{"line":76,"column":23},"end":{"line":76,"column":60}},{"start":{"line":76,"column":63},"end":{"line":76,"column":70}}]},"10":{"loc":{"start":{"line":76,"column":32},"end":{"line":76,"column":53}},"type":"binary-expr","locations":[{"start":{"line":76,"column":32},"end":{"line":76,"column":48}},{"start":{"line":76,"column":52},"end":{"line":76,"column":53}}]},"11":{"loc":{"start":{"line":78,"column":15},"end":{"line":78,"column":68}},"type":"cond-expr","locations":[{"start":{"line":78,"column":39},"end":{"line":78,"column":57}},{"start":{"line":78,"column":60},"end":{"line":78,"column":68}}]},"12":{"loc":{"start":{"line":91,"column":4},"end":{"line":94,"column":null}},"type":"if","locations":[{"start":{"line":91,"column":4},"end":{"line":94,"column":null}}]},"13":{"loc":{"start":{"line":119,"column":14},"end":{"line":119,"column":59}},"type":"cond-expr","locations":[{"start":{"line":119,"column":43},"end":{"line":119,"column":44}},{"start":{"line":119,"column":47},"end":{"line":119,"column":59}}]},"14":{"loc":{"start":{"line":124,"column":4},"end":{"line":124,"column":25}},"type":"if","locations":[{"start":{"line":124,"column":4},"end":{"line":124,"column":25}}]},"15":{"loc":{"start":{"line":134,"column":6},"end":{"line":137,"column":48}},"type":"binary-expr","locations":[{"start":{"line":134,"column":6},"end":{"line":134,"column":32}},{"start":{"line":135,"column":6},"end":{"line":135,"column":31}},{"start":{"line":136,"column":6},"end":{"line":136,"column":27}},{"start":{"line":137,"column":7},"end":{"line":137,"column":13}},{"start":{"line":137,"column":17},"end":{"line":137,"column":47}}]},"16":{"loc":{"start":{"line":145,"column":4},"end":{"line":145,"column":42}},"type":"if","locations":[{"start":{"line":145,"column":4},"end":{"line":145,"column":42}}]},"17":{"loc":{"start":{"line":145,"column":8},"end":{"line":145,"column":33}},"type":"binary-expr","locations":[{"start":{"line":145,"column":8},"end":{"line":145,"column":16}},{"start":{"line":145,"column":20},"end":{"line":145,"column":33}}]},"18":{"loc":{"start":{"line":151,"column":11},"end":{"line":153,"column":19}},"type":"cond-expr","locations":[{"start":{"line":152,"column":8},"end":{"line":152,"column":60}},{"start":{"line":153,"column":8},"end":{"line":153,"column":19}}]},"19":{"loc":{"start":{"line":159,"column":4},"end":{"line":162,"column":null}},"type":"if","locations":[{"start":{"line":159,"column":4},"end":{"line":162,"column":null}}]},"20":{"loc":{"start":{"line":176,"column":11},"end":{"line":176,"column":46}},"type":"cond-expr","locations":[{"start":{"line":176,"column":21},"end":{"line":176,"column":37}},{"start":{"line":176,"column":40},"end":{"line":176,"column":46}}]},"21":{"loc":{"start":{"line":186,"column":4},"end":{"line":188,"column":null}},"type":"if","locations":[{"start":{"line":186,"column":4},"end":{"line":188,"column":null}}]},"22":{"loc":{"start":{"line":186,"column":8},"end":{"line":186,"column":28}},"type":"binary-expr","locations":[{"start":{"line":186,"column":8},"end":{"line":186,"column":16}},{"start":{"line":186,"column":20},"end":{"line":186,"column":28}}]},"23":{"loc":{"start":{"line":204,"column":4},"end":{"line":217,"column":null}},"type":"if","locations":[{"start":{"line":204,"column":4},"end":{"line":217,"column":null}}]},"24":{"loc":{"start":{"line":205,"column":6},"end":{"line":209,"column":null}},"type":"if","locations":[{"start":{"line":205,"column":6},"end":{"line":209,"column":null}}]},"25":{"loc":{"start":{"line":211,"column":6},"end":{"line":216,"column":null}},"type":"if","locations":[{"start":{"line":211,"column":6},"end":{"line":216,"column":null}}]},"26":{"loc":{"start":{"line":221,"column":4},"end":{"line":224,"column":null}},"type":"if","locations":[{"start":{"line":221,"column":4},"end":{"line":224,"column":null}}]},"27":{"loc":{"start":{"line":231,"column":4},"end":{"line":236,"column":null}},"type":"if","locations":[{"start":{"line":231,"column":4},"end":{"line":236,"column":null}}]},"28":{"loc":{"start":{"line":232,"column":6},"end":{"line":234,"column":null}},"type":"if","locations":[{"start":{"line":232,"column":6},"end":{"line":234,"column":null}}]},"29":{"loc":{"start":{"line":244,"column":11},"end":{"line":244,"column":68}},"type":"cond-expr","locations":[{"start":{"line":244,"column":35},"end":{"line":244,"column":41}},{"start":{"line":244,"column":44},"end":{"line":244,"column":68}}]},"30":{"loc":{"start":{"line":257,"column":9},"end":{"line":257,"column":68}},"type":"binary-expr","locations":[{"start":{"line":257,"column":9},"end":{"line":257,"column":22}},{"start":{"line":257,"column":27},"end":{"line":257,"column":44}},{"start":{"line":257,"column":48},"end":{"line":257,"column":67}}]}},"s":{"0":1,"1":12,"2":12,"3":12,"4":12,"5":12,"6":12,"7":12,"8":12,"9":12,"10":0,"11":12,"12":12,"13":12,"14":12,"15":12,"16":12,"17":15,"18":0,"19":0,"20":15,"21":20,"22":20,"23":20,"24":20,"25":20,"26":20,"27":41,"28":41,"29":41,"30":0,"31":41,"32":0,"33":0,"34":0,"35":0,"36":0,"37":0,"38":14,"39":14,"40":14,"41":0,"42":12,"43":14,"44":14,"45":14,"46":14,"47":14,"48":9,"49":5,"50":5,"51":67,"52":27,"53":27,"54":27,"55":27,"56":27,"57":27,"58":14,"59":14,"60":0,"61":0,"62":0,"63":13,"64":1,"65":1,"66":13,"67":12,"68":0,"69":0,"70":0,"71":0,"72":0,"73":0,"74":0,"75":12,"76":0,"77":12,"78":0,"79":0,"80":12,"81":12,"82":12,"83":1},"f":{"0":12,"1":15,"2":20,"3":41,"4":0,"5":14,"6":14,"7":14,"8":27,"9":0,"10":0,"11":0,"12":12},"b":{"0":[0],"1":[12,0,0],"2":[0],"3":[12,12,0],"4":[12],"5":[0,12],"6":[12,12],"7":[0,12],"8":[12,12],"9":[12,0],"10":[12,0],"11":[12,0],"12":[0],"13":[0,41],"14":[0],"15":[41,41,13,13,13],"16":[0],"17":[0,0],"18":[0,0],"19":[14],"20":[11,3],"21":[9],"22":[14,11],"23":[14],"24":[14],"25":[0],"26":[1],"27":[0],"28":[0],"29":[0,0],"30":[12,12,0]}}
,"/Users/yjw520/Desktop/NOTE/note/sublime/html/lodash/web-init/src/useThrottleFn.ts": {"path":"/Users/yjw520/Desktop/NOTE/note/sublime/html/lodash/web-init/src/useThrottleFn.ts","statementMap":{"0":{"start":{"line":1,"column":0},"end":{"line":1,"column":44}},"1":{"start":{"line":24,"column":2},"end":{"line":24,"column":null}},"2":{"start":{"line":27,"column":25},"end":{"line":27,"column":29}},"3":{"start":{"line":28,"column":26},"end":{"line":28,"column":30}},"4":{"start":{"line":30,"column":2},"end":{"line":32,"column":null}},"5":{"start":{"line":31,"column":4},"end":{"line":31,"column":47}},"6":{"start":{"line":34,"column":2},"end":{"line":41,"column":null}},"7":{"start":{"line":39,"column":4},"end":{"line":39,"column":65}},"8":{"start":{"line":40,"column":4},"end":{"line":40,"column":69}},"9":{"start":{"line":43,"column":2},"end":{"line":43,"column":52}},"10":{"start":{"line":45,"column":2},"end":{"line":45,"column":73}},"11":{"start":{"line":48,"column":0},"end":{"line":48,"column":29}}},"fnMap":{"0":{"name":"useThrottleFn","decl":{"start":{"line":22,"column":9},"end":{"line":22,"column":22}},"loc":{"start":{"line":25,"column":27},"end":{"line":46,"column":1}}}},"branchMap":{"0":{"loc":{"start":{"line":24,"column":2},"end":{"line":24,"column":null}},"type":"if","locations":[{"start":{"line":24,"column":2},"end":{"line":24,"column":null}}]},"1":{"loc":{"start":{"line":30,"column":2},"end":{"line":32,"column":null}},"type":"if","locations":[{"start":{"line":30,"column":2},"end":{"line":32,"column":null}}]},"2":{"loc":{"start":{"line":34,"column":2},"end":{"line":41,"column":null}},"type":"if","locations":[{"start":{"line":34,"column":2},"end":{"line":41,"column":null}}]},"3":{"loc":{"start":{"line":35,"column":4},"end":{"line":36,"column":66}},"type":"binary-expr","locations":[{"start":{"line":35,"column":4},"end":{"line":35,"column":19}},{"start":{"line":36,"column":5},"end":{"line":36,"column":32}},{"start":{"line":36,"column":36},"end":{"line":36,"column":65}}]},"4":{"loc":{"start":{"line":39,"column":14},"end":{"line":39,"column":64}},"type":"cond-expr","locations":[{"start":{"line":39,"column":37},"end":{"line":39,"column":54}},{"start":{"line":39,"column":57},"end":{"line":39,"column":64}}]},"5":{"loc":{"start":{"line":40,"column":15},"end":{"line":40,"column":68}},"type":"cond-expr","locations":[{"start":{"line":40,"column":39},"end":{"line":40,"column":57}},{"start":{"line":40,"column":60},"end":{"line":40,"column":68}}]}},"s":{"0":1,"1":12,"2":12,"3":12,"4":12,"5":0,"6":12,"7":7,"8":7,"9":12,"10":12,"11":1},"f":{"0":12},"b":{"0":[0],"1":[0],"2":[7],"3":[12,7,0],"4":[3,4],"5":[3,4]}}
,"/Users/yjw520/Desktop/NOTE/note/sublime/html/lodash/web-init/src/utils.ts": {"path":"/Users/yjw520/Desktop/NOTE/note/sublime/html/lodash/web-init/src/utils.ts","statementMap":{"0":{"start":{"line":3,"column":2},"end":{"line":6,"column":8}},"1":{"start":{"line":10,"column":2},"end":{"line":13,"column":12}},"2":{"start":{"line":15,"column":18},"end":{"line":15,"column":20}},"3":{"start":{"line":18,"column":2},"end":{"line":18,"column":77}},"4":{"start":{"line":22,"column":2},"end":{"line":22,"column":71}},"5":{"start":{"line":24,"column":17},"end":{"line":26,"column":1}},"6":{"start":{"line":25,"column":2},"end":{"line":25,"column":15}},"7":{"start":{"line":38,"column":9},"end":{"line":38,"column":17}},"8":{"start":{"line":28,"column":13},"end":{"line":28,"column":33}},"9":{"start":{"line":38,"column":19},"end":{"line":38,"column":23}},"10":{"start":{"line":40,"column":0},"end":{"line":40,"column":20}}},"fnMap":{"0":{"name":"(anonymous_0)","decl":{"start":{"line":24,"column":17},"end":{"line":24,"column":27}},"loc":{"start":{"line":24,"column":37},"end":{"line":26,"column":1}}}},"branchMap":{"0":{"loc":{"start":{"line":3,"column":2},"end":{"line":6,"column":8}},"type":"binary-expr","locations":[{"start":{"line":3,"column":2},"end":{"line":3,"column":28}},{"start":{"line":4,"column":2},"end":{"line":4,"column":17}},{"start":{"line":5,"column":2},"end":{"line":5,"column":26}},{"start":{"line":6,"column":2},"end":{"line":6,"column":8}}]},"1":{"loc":{"start":{"line":10,"column":2},"end":{"line":13,"column":12}},"type":"binary-expr","locations":[{"start":{"line":10,"column":2},"end":{"line":10,"column":32}},{"start":{"line":11,"column":2},"end":{"line":11,"column":21}},{"start":{"line":12,"column":2},"end":{"line":12,"column":29}},{"start":{"line":13,"column":2},"end":{"line":13,"column":12}}]},"2":{"loc":{"start":{"line":18,"column":2},"end":{"line":18,"column":77}},"type":"binary-expr","locations":[{"start":{"line":18,"column":2},"end":{"line":18,"column":26}},{"start":{"line":18,"column":30},"end":{"line":18,"column":43}},{"start":{"line":18,"column":47},"end":{"line":18,"column":69}},{"start":{"line":18,"column":73},"end":{"line":18,"column":77}}]},"3":{"loc":{"start":{"line":22,"column":2},"end":{"line":22,"column":71}},"type":"binary-expr","locations":[{"start":{"line":22,"column":2},"end":{"line":22,"column":16}},{"start":{"line":22,"column":20},"end":{"line":22,"column":30}},{"start":{"line":22,"column":34},"end":{"line":22,"column":42}},{"start":{"line":22,"column":46},"end":{"line":22,"column":71}}]}},"s":{"0":1,"1":1,"2":1,"3":1,"4":1,"5":1,"6":6,"7":1,"8":1,"9":1,"10":1},"f":{"0":6},"b":{"0":[1,1,1,1],"1":[1,1,1,1],"2":[1,0,0,0],"3":[1,0,0,0]}}
}
