TN:
SF:src/useDebounceFn.ts
FN:41,useDebounceFn
FN:89,startTimer
FN:99,invokeFunc
FN:116,shouldInvoke
FN:143,remainingWait
FN:156,timerExpired
FN:168,(anonymous_6)
FN:179,trailingEdge
FN:195,debounced
FN:229,(anonymous_9)
FN:242,(anonymous_10)
FN:247,(anonymous_11)
FN:255,isObject
FNF:13
FNH:9
FNDA:12,useDebounceFn
FNDA:15,startTimer
FNDA:20,invokeFunc
FNDA:41,shouldInvoke
FNDA:0,remainingWait
FNDA:14,timerExpired
FNDA:14,(anonymous_6)
FNDA:14,trailingEdge
FNDA:27,debounced
FNDA:0,(anonymous_9)
FNDA:0,(anonymous_10)
FNDA:0,(anonymous_11)
FNDA:12,isObject
DA:1,1
DA:43,12
DA:51,12
DA:52,12
DA:53,12
DA:54,12
DA:55,12
DA:56,12
DA:61,12
DA:65,12
DA:66,0
DA:69,12
DA:71,12
DA:72,12
DA:73,12
DA:76,12
DA:78,12
DA:91,15
DA:92,0
DA:93,0
DA:96,15
DA:100,20
DA:101,20
DA:103,20
DA:105,20
DA:110,20
DA:112,20
DA:119,41
DA:121,41
DA:124,41
DA:133,41
DA:145,0
DA:147,0
DA:148,0
DA:149,0
DA:151,0
DA:157,14
DA:159,14
DA:161,14
DA:164,0
DA:168,12
DA:170,14
DA:173,14
DA:176,14
DA:180,14
DA:186,14
DA:187,9
DA:189,5
DA:191,5
DA:195,67
DA:196,27
DA:197,27
DA:199,27
DA:201,27
DA:202,27
DA:204,27
DA:205,14
DA:208,14
DA:211,0
DA:214,0
DA:215,0
DA:221,13
DA:222,1
DA:223,1
DA:226,13
DA:229,12
DA:230,0
DA:231,0
DA:232,0
DA:233,0
DA:235,0
DA:238,0
DA:239,0
DA:242,12
DA:244,0
DA:247,12
DA:248,0
DA:249,0
DA:252,12
DA:256,12
DA:257,12
DA:260,1
LF:82
LH:60
BRDA:43,0,0,0
BRDA:61,1,0,12
BRDA:61,1,1,0
BRDA:61,1,2,0
BRDA:65,2,0,0
BRDA:69,3,0,12
BRDA:69,3,1,12
BRDA:69,3,2,0
BRDA:71,4,0,12
BRDA:72,5,0,0
BRDA:72,5,1,12
BRDA:72,6,0,12
BRDA:72,6,1,12
BRDA:73,7,0,0
BRDA:73,7,1,12
BRDA:73,8,0,12
BRDA:73,8,1,12
BRDA:76,9,0,12
BRDA:76,9,1,0
BRDA:76,10,0,12
BRDA:76,10,1,0
BRDA:78,11,0,12
BRDA:78,11,1,0
BRDA:91,12,0,0
BRDA:119,13,0,0
BRDA:119,13,1,41
BRDA:124,14,0,0
BRDA:134,15,0,41
BRDA:134,15,1,41
BRDA:134,15,2,13
BRDA:134,15,3,13
BRDA:134,15,4,13
BRDA:145,16,0,0
BRDA:145,17,0,0
BRDA:145,17,1,0
BRDA:151,18,0,0
BRDA:151,18,1,0
BRDA:159,19,0,14
BRDA:176,20,0,11
BRDA:176,20,1,3
BRDA:186,21,0,9
BRDA:186,22,0,14
BRDA:186,22,1,11
BRDA:204,23,0,14
BRDA:205,24,0,14
BRDA:211,25,0,0
BRDA:221,26,0,1
BRDA:231,27,0,0
BRDA:232,28,0,0
BRDA:244,29,0,0
BRDA:244,29,1,0
BRDA:257,30,0,12
BRDA:257,30,1,12
BRDA:257,30,2,0
BRF:54
BRH:30
end_of_record
TN:
SF:src/useThrottleFn.ts
FN:22,useThrottleFn
FNF:1
FNH:1
FNDA:12,useThrottleFn
DA:1,1
DA:24,12
DA:27,12
DA:28,12
DA:30,12
DA:31,0
DA:34,12
DA:39,7
DA:40,7
DA:43,12
DA:45,12
DA:48,1
LF:12
LH:11
BRDA:24,0,0,0
BRDA:30,1,0,0
BRDA:34,2,0,7
BRDA:35,3,0,12
BRDA:35,3,1,7
BRDA:35,3,2,0
BRDA:39,4,0,3
BRDA:39,4,1,4
BRDA:40,5,0,3
BRDA:40,5,1,4
BRF:10
BRH:7
end_of_record
TN:
SF:src/utils.ts
FN:24,(anonymous_0)
FNF:1
FNH:1
FNDA:6,(anonymous_0)
DA:3,1
DA:10,1
DA:15,1
DA:18,1
DA:22,1
DA:24,1
DA:25,6
DA:28,1
DA:38,1
DA:40,1
LF:10
LH:10
BRDA:3,0,0,1
BRDA:3,0,1,1
BRDA:3,0,2,1
BRDA:3,0,3,1
BRDA:10,1,0,1
BRDA:10,1,1,1
BRDA:10,1,2,1
BRDA:10,1,3,1
BRDA:18,2,0,1
BRDA:18,2,1,0
BRDA:18,2,2,0
BRDA:18,2,3,0
BRDA:22,3,0,1
BRDA:22,3,1,0
BRDA:22,3,2,0
BRDA:22,3,3,0
BRF:16
BRH:10
end_of_record
