TN:
SF:src\useDebounceFn.ts
FN:80,startTimer
FN:93,invokeFunc
FN:106,shouldInvoke
FN:152,remainingWait
FN:165,timerExpired
FN:176,(anonymous_6)
FN:187,trailingEdge
FN:199,debounced
FN:232,(anonymous_9)
FN:245,(anonymous_10)
FN:250,(anonymous_11)
FN:258,isObject
FNF:12
FNH:9
FNDA:76,startTimer
FNDA:21,invokeFunc
FNDA:330,shouldInvoke
FNDA:11,remainingWait
FNDA:152,timerExpired
FNDA:32,(anonymous_6)
FNDA:293,trailingEdge
FNDA:26,debounced
FNDA:0,(anonymous_9)
FNDA:0,(anonymous_10)
FNDA:0,(anonymous_11)
FNDA:13,isObject
DA:1,1
DA:42,13
DA:50,13
DA:51,13
DA:52,13
DA:53,13
DA:54,13
DA:55,13
DA:57,13
DA:60,13
DA:62,13
DA:64,13
DA:65,0
DA:68,13
DA:70,13
DA:71,10
DA:72,10
DA:73,10
DA:75,10
DA:76,10
DA:77,10
DA:84,76
DA:85,76
DA:86,0
DA:87,0
DA:90,76
DA:94,21
DA:95,21
DA:96,21
DA:98,21
DA:100,21
DA:101,21
DA:102,21
DA:109,330
DA:111,330
DA:115,330
DA:143,330
DA:154,11
DA:156,11
DA:157,11
DA:158,11
DA:160,11
DA:166,152
DA:167,152
DA:168,152
DA:169,141
DA:172,11
DA:176,13
DA:178,32
DA:179,32
DA:181,32
DA:182,32
DA:184,32
DA:188,293
DA:192,293
DA:193,14
DA:195,279
DA:196,279
DA:199,64
DA:200,26
DA:201,26
DA:203,26
DA:204,26
DA:205,26
DA:206,26
DA:207,26
DA:208,22
DA:209,16
DA:210,16
DA:211,16
DA:213,6
DA:214,1
DA:215,1
DA:217,1
DA:218,1
DA:221,9
DA:223,9
DA:224,0
DA:225,0
DA:226,0
DA:229,9
DA:232,13
DA:233,0
DA:234,0
DA:235,0
DA:236,0
DA:238,0
DA:241,0
DA:242,0
DA:245,13
DA:246,0
DA:247,0
DA:250,13
DA:251,0
DA:252,0
DA:255,13
DA:259,13
DA:260,13
DA:263,1
LF:99
LH:82
BRDA:42,0,0,0
BRDA:60,1,0,13
BRDA:60,1,1,1
BRDA:60,1,2,0
BRDA:62,2,0,13
BRDA:62,2,1,1
BRDA:64,3,0,0
BRDA:68,4,0,13
BRDA:68,4,1,12
BRDA:68,4,2,1
BRDA:70,5,0,10
BRDA:71,6,0,0
BRDA:71,6,1,10
BRDA:71,7,0,10
BRDA:71,7,1,10
BRDA:72,8,0,0
BRDA:72,8,1,10
BRDA:72,9,0,10
BRDA:72,9,1,10
BRDA:73,10,0,10
BRDA:73,10,1,4
BRDA:73,10,2,6
BRDA:73,11,0,0
BRDA:73,11,1,10
BRDA:73,12,0,10
BRDA:73,12,1,10
BRDA:75,13,0,4
BRDA:75,13,1,6
BRDA:77,14,0,1
BRDA:77,14,1,9
BRDA:77,15,0,0
BRDA:77,15,1,10
BRDA:77,16,0,10
BRDA:77,16,1,10
BRDA:85,17,0,0
BRDA:109,18,0,0
BRDA:109,18,1,330
BRDA:115,19,0,0
BRDA:144,20,0,330
BRDA:144,20,1,330
BRDA:144,20,2,26
BRDA:144,20,3,26
BRDA:144,20,4,24
BRDA:154,21,0,0
BRDA:154,22,0,11
BRDA:154,22,1,11
BRDA:160,23,0,11
BRDA:160,23,1,0
BRDA:168,24,0,141
BRDA:184,25,0,6
BRDA:184,25,1,26
BRDA:192,26,0,14
BRDA:192,27,0,293
BRDA:192,27,1,293
BRDA:207,28,0,22
BRDA:208,29,0,16
BRDA:213,30,0,1
BRDA:223,31,0,0
BRDA:234,32,0,0
BRDA:235,33,0,0
BRDA:247,34,0,0
BRDA:247,34,1,0
BRDA:260,35,0,13
BRDA:260,35,1,10
BRDA:260,35,2,0
BRF:65
BRH:47
end_of_record
TN:
SF:src\utils.ts
FN:24,(anonymous_0)
FNF:1
FNH:1
FNDA:5,(anonymous_0)
DA:3,1
DA:10,1
DA:15,1
DA:18,1
DA:22,1
DA:24,1
DA:25,5
DA:28,1
DA:36,1
DA:38,1
LF:10
LH:10
BRDA:3,0,0,1
BRDA:3,0,1,1
BRDA:3,0,2,1
BRDA:3,0,3,1
BRDA:10,1,0,1
BRDA:10,1,1,1
BRDA:10,1,2,1
BRDA:10,1,3,1
BRDA:18,2,0,1
BRDA:18,2,1,0
BRDA:18,2,2,0
BRDA:18,2,3,0
BRDA:22,3,0,1
BRDA:22,3,1,0
BRDA:22,3,2,0
BRDA:22,3,3,0
BRF:16
BRH:10
end_of_record
