<?xml version="1.0" encoding="UTF-8"?>
<coverage generated="1658730028405" clover="3.2.0">
  <project timestamp="1658730028405" name="All files">
    <metrics statements="88" coveredstatements="80" conditionals="70" coveredconditionals="49" methods="13" coveredmethods="11" elements="171" coveredelements="140" complexity="0" loc="88" ncloc="88" packages="1" files="2" classes="2"/>
    <file name="useDebounceFn.ts" path="F:\文档1\note\sublime\html\lodash\web-init\src\useDebounceFn.ts">
      <metrics statements="78" coveredstatements="70" conditionals="54" coveredconditionals="39" methods="12" coveredmethods="10"/>
      <line num="1" count="1" type="stmt"/>
      <line num="27" count="15" type="cond" truecount="0" falsecount="1"/>
      <line num="40" count="15" type="stmt"/>
      <line num="41" count="15" type="stmt"/>
      <line num="43" count="15" type="stmt"/>
      <line num="45" count="15" type="stmt"/>
      <line num="47" count="15" type="stmt"/>
      <line num="49" count="15" type="stmt"/>
      <line num="53" count="15" type="cond" truecount="2" falsecount="1"/>
      <line num="55" count="15" type="cond" truecount="0" falsecount="1"/>
      <line num="56" count="0" type="stmt"/>
      <line num="59" count="15" type="cond" truecount="3" falsecount="0"/>
      <line num="61" count="15" type="cond" truecount="1" falsecount="0"/>
      <line num="65" count="11" type="cond" truecount="3" falsecount="1"/>
      <line num="66" count="11" type="cond" truecount="3" falsecount="1"/>
      <line num="68" count="11" type="cond" truecount="3" falsecount="1"/>
      <line num="69" count="11" type="cond" truecount="2" falsecount="0"/>
      <line num="75" count="31" type="cond" truecount="0" falsecount="1"/>
      <line num="76" count="0" type="stmt"/>
      <line num="77" count="0" type="stmt"/>
      <line num="80" count="31" type="stmt"/>
      <line num="84" count="26" type="stmt"/>
      <line num="85" count="26" type="stmt"/>
      <line num="87" count="26" type="stmt"/>
      <line num="89" count="26" type="stmt"/>
      <line num="93" count="26" type="stmt"/>
      <line num="94" count="26" type="stmt"/>
      <line num="101" count="758815" type="cond" truecount="1" falsecount="1"/>
      <line num="103" count="758815" type="stmt"/>
      <line num="106" count="758815" type="cond" truecount="0" falsecount="1"/>
      <line num="112" count="758815" type="stmt"/>
      <line num="122" count="31" type="stmt"/>
      <line num="124" count="31" type="cond" truecount="1" falsecount="0"/>
      <line num="126" count="26" type="stmt"/>
      <line num="130" count="5" type="stmt"/>
      <line num="131" count="5" type="cond" truecount="2" falsecount="1"/>
      <line num="133" count="5" type="stmt"/>
      <line num="134" count="5" type="stmt"/>
      <line num="135" count="5" type="stmt"/>
      <line num="137" count="5" type="cond" truecount="2" falsecount="0"/>
      <line num="143" count="5" type="stmt"/>
      <line num="147" count="15" type="stmt"/>
      <line num="149" count="22" type="stmt"/>
      <line num="151" count="22" type="stmt"/>
      <line num="153" count="22" type="cond" truecount="2" falsecount="0"/>
      <line num="158" count="26" type="stmt"/>
      <line num="163" count="26" type="cond" truecount="3" falsecount="0"/>
      <line num="164" count="17" type="stmt"/>
      <line num="166" count="9" type="stmt"/>
      <line num="168" count="9" type="stmt"/>
      <line num="172" count="1672939" type="stmt"/>
      <line num="173" count="758784" type="stmt"/>
      <line num="174" count="758784" type="stmt"/>
      <line num="177" count="758784" type="stmt"/>
      <line num="178" count="758784" type="stmt"/>
      <line num="179" count="758784" type="stmt"/>
      <line num="181" count="758784" type="cond" truecount="1" falsecount="0"/>
      <line num="182" count="26" type="cond" truecount="1" falsecount="0"/>
      <line num="183" count="22" type="stmt"/>
      <line num="187" count="4" type="cond" truecount="1" falsecount="0"/>
      <line num="189" count="3" type="stmt"/>
      <line num="190" count="3" type="stmt"/>
      <line num="196" count="758759" type="cond" truecount="1" falsecount="0"/>
      <line num="197" count="1" type="stmt"/>
      <line num="200" count="758759" type="stmt"/>
      <line num="204" count="15" type="stmt"/>
      <line num="205" count="1" type="cond" truecount="0" falsecount="1"/>
      <line num="206" count="0" type="cond" truecount="0" falsecount="1"/>
      <line num="207" count="0" type="stmt"/>
      <line num="209" count="0" type="stmt"/>
      <line num="212" count="1" type="stmt"/>
      <line num="213" count="1" type="stmt"/>
      <line num="217" count="15" type="stmt"/>
      <line num="218" count="0" type="cond" truecount="0" falsecount="2"/>
      <line num="222" count="15" type="stmt"/>
      <line num="223" count="0" type="stmt"/>
      <line num="226" count="15" type="stmt"/>
      <line num="229" count="1" type="stmt"/>
    </file>
    <file name="utils.ts" path="F:\文档1\note\sublime\html\lodash\web-init\src\utils.ts">
      <metrics statements="10" coveredstatements="10" conditionals="16" coveredconditionals="10" methods="1" coveredmethods="1"/>
      <line num="3" count="1" type="cond" truecount="4" falsecount="0"/>
      <line num="10" count="1" type="cond" truecount="4" falsecount="0"/>
      <line num="15" count="1" type="stmt"/>
      <line num="18" count="1" type="cond" truecount="1" falsecount="3"/>
      <line num="22" count="1" type="cond" truecount="1" falsecount="3"/>
      <line num="24" count="1" type="stmt"/>
      <line num="25" count="5" type="stmt"/>
      <line num="28" count="1" type="stmt"/>
      <line num="38" count="1" type="stmt"/>
      <line num="40" count="1" type="stmt"/>
    </file>
  </project>
</coverage>
