{"F:\\文档1\\note\\sublime\\html\\lodash\\web-init\\src\\useDebounceFn.ts": {"path":"F:\\文档1\\note\\sublime\\html\\lodash\\web-init\\src\\useDebounceFn.ts","statementMap":{"0":{"start":{"line":1,"column":0},"end":{"line":1,"column":27}},"1":{"start":{"line":27,"column":2},"end":{"line":27,"column":null}},"2":{"start":{"line":40,"column":24},"end":{"line":40,"column":28}},"3":{"start":{"line":41,"column":23},"end":{"line":41,"column":24}},"4":{"start":{"line":43,"column":25},"end":{"line":43,"column":30}},"5":{"start":{"line":45,"column":26},"end":{"line":45,"column":30}},"6":{"start":{"line":47,"column":29},"end":{"line":47,"column":30}},"7":{"start":{"line":49,"column":31},"end":{"line":49,"column":32}},"8":{"start":{"line":53,"column":4},"end":{"line":53,"column":75}},"9":{"start":{"line":55,"column":2},"end":{"line":57,"column":null}},"10":{"start":{"line":56,"column":4},"end":{"line":56,"column":47}},"11":{"start":{"line":59,"column":2},"end":{"line":59,"column":33}},"12":{"start":{"line":61,"column":2},"end":{"line":70,"column":null}},"13":{"start":{"line":65,"column":4},"end":{"line":65,"column":33}},"14":{"start":{"line":66,"column":4},"end":{"line":66,"column":30}},"15":{"start":{"line":68,"column":4},"end":{"line":68,"column":71}},"16":{"start":{"line":69,"column":4},"end":{"line":69,"column":69}},"17":{"start":{"line":75,"column":4},"end":{"line":78,"column":null}},"18":{"start":{"line":76,"column":6},"end":{"line":76,"column":41}},"19":{"start":{"line":77,"column":6},"end":{"line":77,"column":53}},"20":{"start":{"line":80,"column":4},"end":{"line":80,"column":41}},"21":{"start":{"line":84,"column":17},"end":{"line":84,"column":25}},"22":{"start":{"line":85,"column":20},"end":{"line":85,"column":28}},"23":{"start":{"line":87,"column":4},"end":{"line":87,"column":36}},"24":{"start":{"line":89,"column":4},"end":{"line":89,"column":26}},"25":{"start":{"line":93,"column":4},"end":{"line":93,"column":39}},"26":{"start":{"line":94,"column":4},"end":{"line":94,"column":18}},"27":{"start":{"line":101,"column":6},"end":{"line":101,"column":60}},"28":{"start":{"line":103,"column":32},"end":{"line":103,"column":53}},"29":{"start":{"line":106,"column":4},"end":{"line":106,"column":25}},"30":{"start":{"line":106,"column":18},"end":{"line":106,"column":25}},"31":{"start":{"line":112,"column":4},"end":{"line":117,"column":6}},"32":{"start":{"line":122,"column":17},"end":{"line":122,"column":27}},"33":{"start":{"line":124,"column":4},"end":{"line":127,"column":null}},"34":{"start":{"line":126,"column":6},"end":{"line":126,"column":32}},"35":{"start":{"line":130,"column":26},"end":{"line":140,"column":5}},"36":{"start":{"line":131,"column":6},"end":{"line":131,"column":44}},"37":{"start":{"line":131,"column":37},"end":{"line":131,"column":44}},"38":{"start":{"line":133,"column":32},"end":{"line":133,"column":51}},"39":{"start":{"line":134,"column":34},"end":{"line":134,"column":55}},"40":{"start":{"line":135,"column":26},"end":{"line":135,"column":50}},"41":{"start":{"line":137,"column":6},"end":{"line":139,"column":22}},"42":{"start":{"line":143,"column":4},"end":{"line":143,"column":60}},"43":{"start":{"line":147,"column":22},"end":{"line":154,"column":3}},"44":{"start":{"line":149,"column":4},"end":{"line":149,"column":26}},"45":{"start":{"line":151,"column":4},"end":{"line":151,"column":45}},"46":{"start":{"line":153,"column":4},"end":{"line":153,"column":47}},"47":{"start":{"line":158,"column":4},"end":{"line":158,"column":24}},"48":{"start":{"line":163,"column":4},"end":{"line":165,"column":null}},"49":{"start":{"line":164,"column":6},"end":{"line":164,"column":30}},"50":{"start":{"line":166,"column":4},"end":{"line":166,"column":36}},"51":{"start":{"line":168,"column":4},"end":{"line":168,"column":18}},"52":{"start":{"line":172,"column":21},"end":{"line":172,"column":40}},"53":{"start":{"line":173,"column":17},"end":{"line":173,"column":27}},"54":{"start":{"line":174,"column":23},"end":{"line":174,"column":41}},"55":{"start":{"line":177,"column":4},"end":{"line":177,"column":20}},"56":{"start":{"line":178,"column":4},"end":{"line":178,"column":20}},"57":{"start":{"line":179,"column":4},"end":{"line":179,"column":24}},"58":{"start":{"line":181,"column":4},"end":{"line":192,"column":null}},"59":{"start":{"line":182,"column":6},"end":{"line":184,"column":null}},"60":{"start":{"line":183,"column":8},"end":{"line":183,"column":41}},"61":{"start":{"line":187,"column":6},"end":{"line":191,"column":null}},"62":{"start":{"line":189,"column":8},"end":{"line":189,"column":49}},"63":{"start":{"line":190,"column":8},"end":{"line":190,"column":40}},"64":{"start":{"line":196,"column":4},"end":{"line":198,"column":null}},"65":{"start":{"line":197,"column":6},"end":{"line":197,"column":47}},"66":{"start":{"line":200,"column":4},"end":{"line":200,"column":18}},"67":{"start":{"line":204,"column":2},"end":{"line":214,"column":4}},"68":{"start":{"line":205,"column":4},"end":{"line":210,"column":null}},"69":{"start":{"line":206,"column":6},"end":{"line":208,"column":null}},"70":{"start":{"line":207,"column":8},"end":{"line":207,"column":50}},"71":{"start":{"line":209,"column":6},"end":{"line":209,"column":28}},"72":{"start":{"line":212,"column":4},"end":{"line":212,"column":23}},"73":{"start":{"line":213,"column":4},"end":{"line":213,"column":61}},"74":{"start":{"line":217,"column":2},"end":{"line":219,"column":4}},"75":{"start":{"line":218,"column":4},"end":{"line":218,"column":69}},"76":{"start":{"line":222,"column":2},"end":{"line":224,"column":4}},"77":{"start":{"line":223,"column":4},"end":{"line":223,"column":33}},"78":{"start":{"line":226,"column":2},"end":{"line":226,"column":19}},"79":{"start":{"line":229,"column":0},"end":{"line":229,"column":29}}},"fnMap":{"0":{"name":"useDebounceFn","decl":{"start":{"line":25,"column":9},"end":{"line":25,"column":22}},"loc":{"start":{"line":28,"column":27},"end":{"line":227,"column":1}}},"1":{"name":"startTimer","decl":{"start":{"line":74,"column":11},"end":{"line":74,"column":21}},"loc":{"start":{"line":74,"column":61},"end":{"line":81,"column":3}}},"2":{"name":"invokeFunc","decl":{"start":{"line":83,"column":11},"end":{"line":83,"column":21}},"loc":{"start":{"line":83,"column":34},"end":{"line":95,"column":3}}},"3":{"name":"shouldInvoke","decl":{"start":{"line":98,"column":11},"end":{"line":98,"column":23}},"loc":{"start":{"line":98,"column":36},"end":{"line":118,"column":3}}},"4":{"name":"timerExpired","decl":{"start":{"line":121,"column":11},"end":{"line":121,"column":23}},"loc":{"start":{"line":121,"column":23},"end":{"line":144,"column":3}}},"5":{"name":"(anonymous_5)","decl":{"start":{"line":130,"column":26},"end":{"line":130,"column":27}},"loc":{"start":{"line":130,"column":39},"end":{"line":140,"column":5}}},"6":{"name":"(anonymous_6)","decl":{"start":{"line":147,"column":22},"end":{"line":147,"column":23}},"loc":{"start":{"line":147,"column":35},"end":{"line":154,"column":3}}},"7":{"name":"trailingEdge","decl":{"start":{"line":157,"column":11},"end":{"line":157,"column":23}},"loc":{"start":{"line":157,"column":36},"end":{"line":169,"column":3}}},"8":{"name":"debounced","decl":{"start":{"line":172,"column":11},"end":{"line":172,"column":20}},"loc":{"start":{"line":172,"column":20},"end":{"line":201,"column":3}}},"9":{"name":"(anonymous_9)","decl":{"start":{"line":204,"column":21},"end":{"line":204,"column":null}},"loc":{"start":{"line":204,"column":21},"end":{"line":214,"column":3}}},"10":{"name":"(anonymous_10)","decl":{"start":{"line":217,"column":20},"end":{"line":217,"column":null}},"loc":{"start":{"line":217,"column":20},"end":{"line":219,"column":3}}},"11":{"name":"(anonymous_11)","decl":{"start":{"line":222,"column":22},"end":{"line":222,"column":null}},"loc":{"start":{"line":222,"column":22},"end":{"line":224,"column":3}}}},"branchMap":{"0":{"loc":{"start":{"line":27,"column":2},"end":{"line":27,"column":null}},"type":"if","locations":[{"start":{"line":27,"column":2},"end":{"line":27,"column":null}}]},"1":{"loc":{"start":{"line":53,"column":4},"end":{"line":53,"column":75}},"type":"binary-expr","locations":[{"start":{"line":53,"column":4},"end":{"line":53,"column":9}},{"start":{"line":53,"column":13},"end":{"line":53,"column":23}},{"start":{"line":53,"column":27},"end":{"line":53,"column":75}}]},"2":{"loc":{"start":{"line":55,"column":2},"end":{"line":57,"column":null}},"type":"if","locations":[{"start":{"line":55,"column":2},"end":{"line":57,"column":null}}]},"3":{"loc":{"start":{"line":59,"column":9},"end":{"line":59,"column":32}},"type":"binary-expr","locations":[{"start":{"line":59,"column":10},"end":{"line":59,"column":14}},{"start":{"line":59,"column":18},"end":{"line":59,"column":26}},{"start":{"line":59,"column":31},"end":{"line":59,"column":32}}]},"4":{"loc":{"start":{"line":61,"column":2},"end":{"line":70,"column":null}},"type":"if","locations":[{"start":{"line":61,"column":2},"end":{"line":70,"column":null}}]},"5":{"loc":{"start":{"line":62,"column":4},"end":{"line":63,"column":66}},"type":"binary-expr","locations":[{"start":{"line":62,"column":4},"end":{"line":62,"column":19}},{"start":{"line":63,"column":5},"end":{"line":63,"column":32}},{"start":{"line":63,"column":36},"end":{"line":63,"column":65}}]},"6":{"loc":{"start":{"line":65,"column":16},"end":{"line":65,"column":32}},"type":"cond-expr","locations":[{"start":{"line":65,"column":23},"end":{"line":65,"column":25}},{"start":{"line":65,"column":16},"end":{"line":65,"column":32}}]},"7":{"loc":{"start":{"line":65,"column":16},"end":{"line":65,"column":25}},"type":"binary-expr","locations":[{"start":{"line":65,"column":16},"end":{"line":65,"column":25}},{"start":{"line":65,"column":16},"end":{"line":65,"column":25}}]},"8":{"loc":{"start":{"line":66,"column":13},"end":{"line":66,"column":29}},"type":"cond-expr","locations":[{"start":{"line":66,"column":20},"end":{"line":66,"column":22}},{"start":{"line":66,"column":13},"end":{"line":66,"column":29}}]},"9":{"loc":{"start":{"line":66,"column":13},"end":{"line":66,"column":22}},"type":"binary-expr","locations":[{"start":{"line":66,"column":13},"end":{"line":66,"column":22}},{"start":{"line":66,"column":13},"end":{"line":66,"column":22}}]},"10":{"loc":{"start":{"line":68,"column":14},"end":{"line":68,"column":70}},"type":"cond-expr","locations":[{"start":{"line":68,"column":23},"end":{"line":68,"column":60}},{"start":{"line":68,"column":63},"end":{"line":68,"column":70}}]},"11":{"loc":{"start":{"line":68,"column":32},"end":{"line":68,"column":53}},"type":"binary-expr","locations":[{"start":{"line":68,"column":32},"end":{"line":68,"column":48}},{"start":{"line":68,"column":52},"end":{"line":68,"column":53}}]},"12":{"loc":{"start":{"line":69,"column":15},"end":{"line":69,"column":68}},"type":"cond-expr","locations":[{"start":{"line":69,"column":39},"end":{"line":69,"column":57}},{"start":{"line":69,"column":60},"end":{"line":69,"column":68}}]},"13":{"loc":{"start":{"line":75,"column":4},"end":{"line":78,"column":null}},"type":"if","locations":[{"start":{"line":75,"column":4},"end":{"line":78,"column":null}}]},"14":{"loc":{"start":{"line":101,"column":14},"end":{"line":101,"column":59}},"type":"cond-expr","locations":[{"start":{"line":101,"column":43},"end":{"line":101,"column":44}},{"start":{"line":101,"column":47},"end":{"line":101,"column":59}}]},"15":{"loc":{"start":{"line":106,"column":4},"end":{"line":106,"column":25}},"type":"if","locations":[{"start":{"line":106,"column":4},"end":{"line":106,"column":25}}]},"16":{"loc":{"start":{"line":113,"column":6},"end":{"line":116,"column":48}},"type":"binary-expr","locations":[{"start":{"line":113,"column":6},"end":{"line":113,"column":32}},{"start":{"line":114,"column":6},"end":{"line":114,"column":31}},{"start":{"line":115,"column":6},"end":{"line":115,"column":27}},{"start":{"line":116,"column":7},"end":{"line":116,"column":13}},{"start":{"line":116,"column":17},"end":{"line":116,"column":47}}]},"17":{"loc":{"start":{"line":124,"column":4},"end":{"line":127,"column":null}},"type":"if","locations":[{"start":{"line":124,"column":4},"end":{"line":127,"column":null}}]},"18":{"loc":{"start":{"line":131,"column":6},"end":{"line":131,"column":44}},"type":"if","locations":[{"start":{"line":131,"column":6},"end":{"line":131,"column":44}}]},"19":{"loc":{"start":{"line":131,"column":10},"end":{"line":131,"column":35}},"type":"binary-expr","locations":[{"start":{"line":131,"column":10},"end":{"line":131,"column":18}},{"start":{"line":131,"column":22},"end":{"line":131,"column":35}}]},"20":{"loc":{"start":{"line":137,"column":13},"end":{"line":139,"column":21}},"type":"cond-expr","locations":[{"start":{"line":138,"column":10},"end":{"line":138,"column":62}},{"start":{"line":139,"column":10},"end":{"line":139,"column":21}}]},"21":{"loc":{"start":{"line":153,"column":11},"end":{"line":153,"column":46}},"type":"cond-expr","locations":[{"start":{"line":153,"column":21},"end":{"line":153,"column":37}},{"start":{"line":153,"column":40},"end":{"line":153,"column":46}}]},"22":{"loc":{"start":{"line":163,"column":4},"end":{"line":165,"column":null}},"type":"if","locations":[{"start":{"line":163,"column":4},"end":{"line":165,"column":null}}]},"23":{"loc":{"start":{"line":163,"column":8},"end":{"line":163,"column":28}},"type":"binary-expr","locations":[{"start":{"line":163,"column":8},"end":{"line":163,"column":16}},{"start":{"line":163,"column":20},"end":{"line":163,"column":28}}]},"24":{"loc":{"start":{"line":181,"column":4},"end":{"line":192,"column":null}},"type":"if","locations":[{"start":{"line":181,"column":4},"end":{"line":192,"column":null}}]},"25":{"loc":{"start":{"line":182,"column":6},"end":{"line":184,"column":null}},"type":"if","locations":[{"start":{"line":182,"column":6},"end":{"line":184,"column":null}}]},"26":{"loc":{"start":{"line":187,"column":6},"end":{"line":191,"column":null}},"type":"if","locations":[{"start":{"line":187,"column":6},"end":{"line":191,"column":null}}]},"27":{"loc":{"start":{"line":196,"column":4},"end":{"line":198,"column":null}},"type":"if","locations":[{"start":{"line":196,"column":4},"end":{"line":198,"column":null}}]},"28":{"loc":{"start":{"line":205,"column":4},"end":{"line":210,"column":null}},"type":"if","locations":[{"start":{"line":205,"column":4},"end":{"line":210,"column":null}}]},"29":{"loc":{"start":{"line":206,"column":6},"end":{"line":208,"column":null}},"type":"if","locations":[{"start":{"line":206,"column":6},"end":{"line":208,"column":null}}]},"30":{"loc":{"start":{"line":218,"column":11},"end":{"line":218,"column":68}},"type":"cond-expr","locations":[{"start":{"line":218,"column":35},"end":{"line":218,"column":41}},{"start":{"line":218,"column":44},"end":{"line":218,"column":68}}]}},"s":{"0":1,"1":15,"2":15,"3":15,"4":15,"5":15,"6":15,"7":15,"8":15,"9":15,"10":0,"11":15,"12":15,"13":11,"14":11,"15":11,"16":11,"17":31,"18":0,"19":0,"20":31,"21":26,"22":26,"23":26,"24":26,"25":26,"26":26,"27":758815,"28":758815,"29":758815,"30":0,"31":758815,"32":31,"33":31,"34":26,"35":5,"36":5,"37":0,"38":5,"39":5,"40":5,"41":5,"42":5,"43":15,"44":22,"45":22,"46":22,"47":26,"48":26,"49":17,"50":9,"51":9,"52":1672939,"53":758784,"54":758784,"55":758784,"56":758784,"57":758784,"58":758784,"59":26,"60":22,"61":4,"62":3,"63":3,"64":758759,"65":1,"66":758759,"67":15,"68":1,"69":0,"70":0,"71":0,"72":1,"73":1,"74":15,"75":0,"76":15,"77":0,"78":15,"79":1},"f":{"0":15,"1":31,"2":26,"3":758815,"4":31,"5":5,"6":22,"7":26,"8":758784,"9":1,"10":0,"11":0},"b":{"0":[0],"1":[15,1,0],"2":[0],"3":[15,14,1],"4":[11],"5":[15,11,0],"6":[0,11],"7":[11,11],"8":[0,11],"9":[11,11],"10":[5,6],"11":[5,0],"12":[3,8],"13":[0],"14":[0,758815],"15":[0],"16":[758815,758815,758767,758767,457063],"17":[26],"18":[0],"19":[5,5],"20":[4,1],"21":[6,16],"22":[17],"23":[26,23],"24":[26],"25":[22],"26":[3],"27":[1],"28":[0],"29":[0],"30":[0,0]}}
,"F:\\文档1\\note\\sublime\\html\\lodash\\web-init\\src\\utils.ts": {"path":"F:\\文档1\\note\\sublime\\html\\lodash\\web-init\\src\\utils.ts","statementMap":{"0":{"start":{"line":3,"column":2},"end":{"line":6,"column":8}},"1":{"start":{"line":10,"column":2},"end":{"line":13,"column":12}},"2":{"start":{"line":15,"column":18},"end":{"line":15,"column":20}},"3":{"start":{"line":18,"column":2},"end":{"line":18,"column":77}},"4":{"start":{"line":22,"column":2},"end":{"line":22,"column":71}},"5":{"start":{"line":24,"column":17},"end":{"line":26,"column":1}},"6":{"start":{"line":25,"column":2},"end":{"line":25,"column":15}},"7":{"start":{"line":38,"column":9},"end":{"line":38,"column":17}},"8":{"start":{"line":28,"column":13},"end":{"line":28,"column":33}},"9":{"start":{"line":38,"column":19},"end":{"line":38,"column":23}},"10":{"start":{"line":40,"column":0},"end":{"line":40,"column":20}}},"fnMap":{"0":{"name":"(anonymous_0)","decl":{"start":{"line":24,"column":17},"end":{"line":24,"column":27}},"loc":{"start":{"line":24,"column":37},"end":{"line":26,"column":1}}}},"branchMap":{"0":{"loc":{"start":{"line":3,"column":2},"end":{"line":6,"column":8}},"type":"binary-expr","locations":[{"start":{"line":3,"column":2},"end":{"line":3,"column":28}},{"start":{"line":4,"column":2},"end":{"line":4,"column":17}},{"start":{"line":5,"column":2},"end":{"line":5,"column":26}},{"start":{"line":6,"column":2},"end":{"line":6,"column":8}}]},"1":{"loc":{"start":{"line":10,"column":2},"end":{"line":13,"column":12}},"type":"binary-expr","locations":[{"start":{"line":10,"column":2},"end":{"line":10,"column":32}},{"start":{"line":11,"column":2},"end":{"line":11,"column":21}},{"start":{"line":12,"column":2},"end":{"line":12,"column":29}},{"start":{"line":13,"column":2},"end":{"line":13,"column":12}}]},"2":{"loc":{"start":{"line":18,"column":2},"end":{"line":18,"column":77}},"type":"binary-expr","locations":[{"start":{"line":18,"column":2},"end":{"line":18,"column":26}},{"start":{"line":18,"column":30},"end":{"line":18,"column":43}},{"start":{"line":18,"column":47},"end":{"line":18,"column":69}},{"start":{"line":18,"column":73},"end":{"line":18,"column":77}}]},"3":{"loc":{"start":{"line":22,"column":2},"end":{"line":22,"column":71}},"type":"binary-expr","locations":[{"start":{"line":22,"column":2},"end":{"line":22,"column":16}},{"start":{"line":22,"column":20},"end":{"line":22,"column":30}},{"start":{"line":22,"column":34},"end":{"line":22,"column":42}},{"start":{"line":22,"column":46},"end":{"line":22,"column":71}}]}},"s":{"0":1,"1":1,"2":1,"3":1,"4":1,"5":1,"6":5,"7":1,"8":1,"9":1,"10":1},"f":{"0":5},"b":{"0":[1,1,1,1],"1":[1,1,1,1],"2":[1,0,0,0],"3":[1,0,0,0]}}
}
