TN:
SF:src\useDebounceFn.ts
FN:25,useDebounceFn
FN:74,startTimer
FN:83,invokeFunc
FN:98,shouldInvoke
FN:121,timerExpired
FN:130,(anonymous_5)
FN:147,(anonymous_6)
FN:157,trailingEdge
FN:172,debounced
FN:204,(anonymous_9)
FN:217,(anonymous_10)
FN:222,(anonymous_11)
FNF:12
FNH:10
FNDA:15,useDebounceFn
FNDA:31,startTimer
FNDA:26,invokeFunc
FNDA:758815,shouldInvoke
FNDA:31,timerExpired
FNDA:5,(anonymous_5)
FNDA:22,(anonymous_6)
FNDA:26,trailingEdge
FNDA:758784,debounced
FNDA:1,(anonymous_9)
FNDA:0,(anonymous_10)
FNDA:0,(anonymous_11)
DA:1,1
DA:27,15
DA:40,15
DA:41,15
DA:43,15
DA:45,15
DA:47,15
DA:49,15
DA:53,15
DA:55,15
DA:56,0
DA:59,15
DA:61,15
DA:65,11
DA:66,11
DA:68,11
DA:69,11
DA:75,31
DA:76,0
DA:77,0
DA:80,31
DA:84,26
DA:85,26
DA:87,26
DA:89,26
DA:93,26
DA:94,26
DA:101,758815
DA:103,758815
DA:106,758815
DA:112,758815
DA:122,31
DA:124,31
DA:126,26
DA:130,5
DA:131,5
DA:133,5
DA:134,5
DA:135,5
DA:137,5
DA:143,5
DA:147,15
DA:149,22
DA:151,22
DA:153,22
DA:158,26
DA:163,26
DA:164,17
DA:166,9
DA:168,9
DA:172,1672939
DA:173,758784
DA:174,758784
DA:177,758784
DA:178,758784
DA:179,758784
DA:181,758784
DA:182,26
DA:183,22
DA:187,4
DA:189,3
DA:190,3
DA:196,758759
DA:197,1
DA:200,758759
DA:204,15
DA:205,1
DA:206,0
DA:207,0
DA:209,0
DA:212,1
DA:213,1
DA:217,15
DA:218,0
DA:222,15
DA:223,0
DA:226,15
DA:229,1
LF:78
LH:70
BRDA:27,0,0,0
BRDA:53,1,0,15
BRDA:53,1,1,1
BRDA:53,1,2,0
BRDA:55,2,0,0
BRDA:59,3,0,15
BRDA:59,3,1,14
BRDA:59,3,2,1
BRDA:61,4,0,11
BRDA:62,5,0,15
BRDA:62,5,1,11
BRDA:62,5,2,0
BRDA:65,6,0,0
BRDA:65,6,1,11
BRDA:65,7,0,11
BRDA:65,7,1,11
BRDA:66,8,0,0
BRDA:66,8,1,11
BRDA:66,9,0,11
BRDA:66,9,1,11
BRDA:68,10,0,5
BRDA:68,10,1,6
BRDA:68,11,0,5
BRDA:68,11,1,0
BRDA:69,12,0,3
BRDA:69,12,1,8
BRDA:75,13,0,0
BRDA:101,14,0,0
BRDA:101,14,1,758815
BRDA:106,15,0,0
BRDA:113,16,0,758815
BRDA:113,16,1,758815
BRDA:113,16,2,758767
BRDA:113,16,3,758767
BRDA:113,16,4,457063
BRDA:124,17,0,26
BRDA:131,18,0,0
BRDA:131,19,0,5
BRDA:131,19,1,5
BRDA:137,20,0,4
BRDA:137,20,1,1
BRDA:153,21,0,6
BRDA:153,21,1,16
BRDA:163,22,0,17
BRDA:163,23,0,26
BRDA:163,23,1,23
BRDA:181,24,0,26
BRDA:182,25,0,22
BRDA:187,26,0,3
BRDA:196,27,0,1
BRDA:205,28,0,0
BRDA:206,29,0,0
BRDA:218,30,0,0
BRDA:218,30,1,0
BRF:54
BRH:39
end_of_record
TN:
SF:src\utils.ts
FN:24,(anonymous_0)
FNF:1
FNH:1
FNDA:5,(anonymous_0)
DA:3,1
DA:10,1
DA:15,1
DA:18,1
DA:22,1
DA:24,1
DA:25,5
DA:28,1
DA:38,1
DA:40,1
LF:10
LH:10
BRDA:3,0,0,1
BRDA:3,0,1,1
BRDA:3,0,2,1
BRDA:3,0,3,1
BRDA:10,1,0,1
BRDA:10,1,1,1
BRDA:10,1,2,1
BRDA:10,1,3,1
BRDA:18,2,0,1
BRDA:18,2,1,0
BRDA:18,2,2,0
BRDA:18,2,3,0
BRDA:22,3,0,1
BRDA:22,3,1,0
BRDA:22,3,2,0
BRDA:22,3,3,0
BRF:16
BRH:10
end_of_record
